[35m[1mConsolidate compiler generated dependencies of target msgfolder__rosidl_generator_c[0m
[  1%] Built target msgfolder__cpp
[ 12%] Built target msgfolder__rosidl_generator_c
[ 12%] Built target ament_cmake_python_copy_msgfolder
[35m[1mConsolidate compiler generated dependencies of target msgfolder__rosidl_typesupport_cpp[0m
[35m[1mConsolidate compiler generated dependencies of target msgfolder__rosidl_typesupport_fastrtps_cpp[0m
[35m[1mConsolidate compiler generated dependencies of target msgfolder__rosidl_typesupport_introspection_cpp[0m
[35m[1mConsolidate compiler generated dependencies of target msgfolder__rosidl_typesupport_fastrtps_c[0m
[ 23%] Built target msgfolder__rosidl_typesupport_cpp
[ 34%] Built target msgfolder__rosidl_typesupport_fastrtps_cpp
[ 45%] Built target msgfolder__rosidl_typesupport_introspection_cpp
[35m[1mConsolidate compiler generated dependencies of target msgfolder__rosidl_typesupport_introspection_c[0m
[ 56%] Built target msgfolder__rosidl_typesupport_fastrtps_c
[35m[1mConsolidate compiler generated dependencies of target msgfolder__rosidl_typesupport_c[0m
[ 67%] Built target msgfolder__rosidl_typesupport_introspection_c
[ 78%] Built target msgfolder__rosidl_typesupport_c
[ 78%] Built target msgfolder
[ 80%] Built target msgfolder__py
[35m[1mConsolidate compiler generated dependencies of target msgfolder__rosidl_generator_py[0m
[ 89%] Built target msgfolder__rosidl_generator_py
[35m[1mConsolidate compiler generated dependencies of target msgfolder__rosidl_typesupport_fastrtps_c__pyext[0m
[35m[1mConsolidate compiler generated dependencies of target msgfolder__rosidl_typesupport_introspection_c__pyext[0m
[35m[1mConsolidate compiler generated dependencies of target msgfolder__rosidl_typesupport_c__pyext[0m
[ 92%] Built target msgfolder__rosidl_typesupport_fastrtps_c__pyext
[ 96%] Built target msgfolder__rosidl_typesupport_introspection_c__pyext
[100%] Built target msgfolder__rosidl_typesupport_c__pyext
running egg_info
writing msgfolder.egg-info/PKG-INFO
writing dependency_links to msgfolder.egg-info/dependency_links.txt
writing top-level names to msgfolder.egg-info/top_level.txt
reading manifest file 'msgfolder.egg-info/SOURCES.txt'
writing manifest file 'msgfolder.egg-info/SOURCES.txt'
[100%] Built target ament_cmake_python_build_msgfolder_egg
-- Install configuration: ""
-- Up-to-date: /home/pi/test_ws/install/msgfolder/share/ament_index/resource_index/rosidl_interfaces/msgfolder
-- Up-to-date: /home/pi/test_ws/install/msgfolder/include/msgfolder/msgfolder
-- Up-to-date: /home/pi/test_ws/install/msgfolder/include/msgfolder/msgfolder/msg
-- Up-to-date: /home/pi/test_ws/install/msgfolder/include/msgfolder/msgfolder/msg/watering_command.h
-- Up-to-date: /home/pi/test_ws/install/msgfolder/include/msgfolder/msgfolder/msg/detail
-- Up-to-date: /home/pi/test_ws/install/msgfolder/include/msgfolder/msgfolder/msg/detail/watering_status__type_support.h
-- Up-to-date: /home/pi/test_ws/install/msgfolder/include/msgfolder/msgfolder/msg/detail/machine_command__functions.h
-- Up-to-date: /home/pi/test_ws/install/msgfolder/include/msgfolder/msgfolder/msg/detail/machine_status__functions.h
-- Up-to-date: /home/pi/test_ws/install/msgfolder/include/msgfolder/msgfolder/msg/detail/machine_command__type_support.h
-- Up-to-date: /home/pi/test_ws/install/msgfolder/include/msgfolder/msgfolder/msg/detail/watering_command__type_support.h
-- Up-to-date: /home/pi/test_ws/install/msgfolder/include/msgfolder/msgfolder/msg/detail/machine_status__type_support.h
-- Up-to-date: /home/pi/test_ws/install/msgfolder/include/msgfolder/msgfolder/msg/detail/machine_command__functions.c
-- Up-to-date: /home/pi/test_ws/install/msgfolder/include/msgfolder/msgfolder/msg/detail/watering_command__struct.h
-- Up-to-date: /home/pi/test_ws/install/msgfolder/include/msgfolder/msgfolder/msg/detail/watering_status__struct.h
-- Up-to-date: /home/pi/test_ws/install/msgfolder/include/msgfolder/msgfolder/msg/detail/watering_command__functions.h
-- Up-to-date: /home/pi/test_ws/install/msgfolder/include/msgfolder/msgfolder/msg/detail/watering_command__functions.c
-- Up-to-date: /home/pi/test_ws/install/msgfolder/include/msgfolder/msgfolder/msg/detail/machine_command__struct.h
-- Up-to-date: /home/pi/test_ws/install/msgfolder/include/msgfolder/msgfolder/msg/detail/watering_status__functions.h
-- Up-to-date: /home/pi/test_ws/install/msgfolder/include/msgfolder/msgfolder/msg/detail/machine_status__functions.c
-- Up-to-date: /home/pi/test_ws/install/msgfolder/include/msgfolder/msgfolder/msg/detail/watering_status__functions.c
-- Up-to-date: /home/pi/test_ws/install/msgfolder/include/msgfolder/msgfolder/msg/detail/machine_status__struct.h
-- Up-to-date: /home/pi/test_ws/install/msgfolder/include/msgfolder/msgfolder/msg/watering_status.h
-- Up-to-date: /home/pi/test_ws/install/msgfolder/include/msgfolder/msgfolder/msg/rosidl_generator_c__visibility_control.h
-- Up-to-date: /home/pi/test_ws/install/msgfolder/include/msgfolder/msgfolder/msg/machine_command.h
-- Up-to-date: /home/pi/test_ws/install/msgfolder/include/msgfolder/msgfolder/msg/machine_status.h
-- Up-to-date: /home/pi/test_ws/install/msgfolder/share/msgfolder/environment/library_path.sh
-- Up-to-date: /home/pi/test_ws/install/msgfolder/share/msgfolder/environment/library_path.dsv
-- Up-to-date: /home/pi/test_ws/install/msgfolder/lib/libmsgfolder__rosidl_generator_c.so
-- Up-to-date: /home/pi/test_ws/install/msgfolder/include/msgfolder/msgfolder
-- Up-to-date: /home/pi/test_ws/install/msgfolder/include/msgfolder/msgfolder/msg
-- Up-to-date: /home/pi/test_ws/install/msgfolder/include/msgfolder/msgfolder/msg/rosidl_typesupport_fastrtps_c__visibility_control.h
-- Up-to-date: /home/pi/test_ws/install/msgfolder/include/msgfolder/msgfolder/msg/detail
-- Up-to-date: /home/pi/test_ws/install/msgfolder/include/msgfolder/msgfolder/msg/detail/machine_status__rosidl_typesupport_fastrtps_c.h
-- Up-to-date: /home/pi/test_ws/install/msgfolder/include/msgfolder/msgfolder/msg/detail/watering_status__rosidl_typesupport_fastrtps_c.h
-- Up-to-date: /home/pi/test_ws/install/msgfolder/include/msgfolder/msgfolder/msg/detail/watering_command__rosidl_typesupport_fastrtps_c.h
-- Up-to-date: /home/pi/test_ws/install/msgfolder/include/msgfolder/msgfolder/msg/detail/machine_command__rosidl_typesupport_fastrtps_c.h
-- Up-to-date: /home/pi/test_ws/install/msgfolder/lib/libmsgfolder__rosidl_typesupport_fastrtps_c.so
-- Up-to-date: /home/pi/test_ws/install/msgfolder/include/msgfolder/msgfolder
-- Up-to-date: /home/pi/test_ws/install/msgfolder/include/msgfolder/msgfolder/msg
-- Up-to-date: /home/pi/test_ws/install/msgfolder/include/msgfolder/msgfolder/msg/detail
-- Up-to-date: /home/pi/test_ws/install/msgfolder/include/msgfolder/msgfolder/msg/detail/watering_status__builder.hpp
-- Up-to-date: /home/pi/test_ws/install/msgfolder/include/msgfolder/msgfolder/msg/detail/watering_status__traits.hpp
-- Up-to-date: /home/pi/test_ws/install/msgfolder/include/msgfolder/msgfolder/msg/detail/machine_status__struct.hpp
-- Up-to-date: /home/pi/test_ws/install/msgfolder/include/msgfolder/msgfolder/msg/detail/watering_command__builder.hpp
-- Up-to-date: /home/pi/test_ws/install/msgfolder/include/msgfolder/msgfolder/msg/detail/machine_command__struct.hpp
-- Up-to-date: /home/pi/test_ws/install/msgfolder/include/msgfolder/msgfolder/msg/detail/machine_command__traits.hpp
-- Up-to-date: /home/pi/test_ws/install/msgfolder/include/msgfolder/msgfolder/msg/detail/watering_status__struct.hpp
-- Up-to-date: /home/pi/test_ws/install/msgfolder/include/msgfolder/msgfolder/msg/detail/machine_status__builder.hpp
-- Up-to-date: /home/pi/test_ws/install/msgfolder/include/msgfolder/msgfolder/msg/detail/watering_command__struct.hpp
-- Up-to-date: /home/pi/test_ws/install/msgfolder/include/msgfolder/msgfolder/msg/detail/machine_command__builder.hpp
-- Up-to-date: /home/pi/test_ws/install/msgfolder/include/msgfolder/msgfolder/msg/detail/machine_status__traits.hpp
-- Up-to-date: /home/pi/test_ws/install/msgfolder/include/msgfolder/msgfolder/msg/detail/watering_command__traits.hpp
-- Up-to-date: /home/pi/test_ws/install/msgfolder/include/msgfolder/msgfolder/msg/watering_status.hpp
-- Up-to-date: /home/pi/test_ws/install/msgfolder/include/msgfolder/msgfolder/msg/watering_command.hpp
-- Up-to-date: /home/pi/test_ws/install/msgfolder/include/msgfolder/msgfolder/msg/machine_command.hpp
-- Up-to-date: /home/pi/test_ws/install/msgfolder/include/msgfolder/msgfolder/msg/machine_status.hpp
-- Up-to-date: /home/pi/test_ws/install/msgfolder/include/msgfolder/msgfolder
-- Up-to-date: /home/pi/test_ws/install/msgfolder/include/msgfolder/msgfolder/msg
-- Up-to-date: /home/pi/test_ws/install/msgfolder/include/msgfolder/msgfolder/msg/detail
-- Up-to-date: /home/pi/test_ws/install/msgfolder/include/msgfolder/msgfolder/msg/detail/dds_fastrtps
-- Up-to-date: /home/pi/test_ws/install/msgfolder/include/msgfolder/msgfolder/msg/detail/watering_status__rosidl_typesupport_fastrtps_cpp.hpp
-- Up-to-date: /home/pi/test_ws/install/msgfolder/include/msgfolder/msgfolder/msg/detail/watering_command__rosidl_typesupport_fastrtps_cpp.hpp
-- Up-to-date: /home/pi/test_ws/install/msgfolder/include/msgfolder/msgfolder/msg/detail/machine_status__rosidl_typesupport_fastrtps_cpp.hpp
-- Up-to-date: /home/pi/test_ws/install/msgfolder/include/msgfolder/msgfolder/msg/detail/machine_command__rosidl_typesupport_fastrtps_cpp.hpp
-- Up-to-date: /home/pi/test_ws/install/msgfolder/include/msgfolder/msgfolder/msg/rosidl_typesupport_fastrtps_cpp__visibility_control.h
-- Up-to-date: /home/pi/test_ws/install/msgfolder/lib/libmsgfolder__rosidl_typesupport_fastrtps_cpp.so
-- Up-to-date: /home/pi/test_ws/install/msgfolder/include/msgfolder/msgfolder
-- Up-to-date: /home/pi/test_ws/install/msgfolder/include/msgfolder/msgfolder/msg
-- Up-to-date: /home/pi/test_ws/install/msgfolder/include/msgfolder/msgfolder/msg/detail
-- Up-to-date: /home/pi/test_ws/install/msgfolder/include/msgfolder/msgfolder/msg/detail/watering_status__type_support.c
-- Up-to-date: /home/pi/test_ws/install/msgfolder/include/msgfolder/msgfolder/msg/detail/machine_status__rosidl_typesupport_introspection_c.h
-- Up-to-date: /home/pi/test_ws/install/msgfolder/include/msgfolder/msgfolder/msg/detail/machine_command__rosidl_typesupport_introspection_c.h
-- Up-to-date: /home/pi/test_ws/install/msgfolder/include/msgfolder/msgfolder/msg/detail/watering_command__rosidl_typesupport_introspection_c.h
-- Up-to-date: /home/pi/test_ws/install/msgfolder/include/msgfolder/msgfolder/msg/detail/machine_command__type_support.c
-- Up-to-date: /home/pi/test_ws/install/msgfolder/include/msgfolder/msgfolder/msg/detail/watering_command__type_support.c
-- Up-to-date: /home/pi/test_ws/install/msgfolder/include/msgfolder/msgfolder/msg/detail/watering_status__rosidl_typesupport_introspection_c.h
-- Up-to-date: /home/pi/test_ws/install/msgfolder/include/msgfolder/msgfolder/msg/detail/machine_status__type_support.c
-- Up-to-date: /home/pi/test_ws/install/msgfolder/include/msgfolder/msgfolder/msg/rosidl_typesupport_introspection_c__visibility_control.h
-- Up-to-date: /home/pi/test_ws/install/msgfolder/lib/libmsgfolder__rosidl_typesupport_introspection_c.so
-- Up-to-date: /home/pi/test_ws/install/msgfolder/lib/libmsgfolder__rosidl_typesupport_c.so
-- Up-to-date: /home/pi/test_ws/install/msgfolder/include/msgfolder/msgfolder
-- Up-to-date: /home/pi/test_ws/install/msgfolder/include/msgfolder/msgfolder/msg
-- Up-to-date: /home/pi/test_ws/install/msgfolder/include/msgfolder/msgfolder/msg/detail
-- Up-to-date: /home/pi/test_ws/install/msgfolder/include/msgfolder/msgfolder/msg/detail/machine_status__rosidl_typesupport_introspection_cpp.hpp
-- Up-to-date: /home/pi/test_ws/install/msgfolder/include/msgfolder/msgfolder/msg/detail/machine_status__type_support.cpp
-- Up-to-date: /home/pi/test_ws/install/msgfolder/include/msgfolder/msgfolder/msg/detail/watering_status__type_support.cpp
-- Up-to-date: /home/pi/test_ws/install/msgfolder/include/msgfolder/msgfolder/msg/detail/watering_command__type_support.cpp
-- Up-to-date: /home/pi/test_ws/install/msgfolder/include/msgfolder/msgfolder/msg/detail/machine_command__rosidl_typesupport_introspection_cpp.hpp
-- Up-to-date: /home/pi/test_ws/install/msgfolder/include/msgfolder/msgfolder/msg/detail/watering_command__rosidl_typesupport_introspection_cpp.hpp
-- Up-to-date: /home/pi/test_ws/install/msgfolder/include/msgfolder/msgfolder/msg/detail/machine_command__type_support.cpp
-- Up-to-date: /home/pi/test_ws/install/msgfolder/include/msgfolder/msgfolder/msg/detail/watering_status__rosidl_typesupport_introspection_cpp.hpp
-- Up-to-date: /home/pi/test_ws/install/msgfolder/lib/libmsgfolder__rosidl_typesupport_introspection_cpp.so
-- Up-to-date: /home/pi/test_ws/install/msgfolder/lib/libmsgfolder__rosidl_typesupport_cpp.so
-- Up-to-date: /home/pi/test_ws/install/msgfolder/share/msgfolder/environment/pythonpath.sh
-- Up-to-date: /home/pi/test_ws/install/msgfolder/share/msgfolder/environment/pythonpath.dsv
-- Up-to-date: /home/pi/test_ws/install/msgfolder/local/lib/python3.10/dist-packages/msgfolder-0.0.1-py3.10.egg-info
-- Installing: /home/pi/test_ws/install/msgfolder/local/lib/python3.10/dist-packages/msgfolder-0.0.1-py3.10.egg-info/dependency_links.txt
-- Installing: /home/pi/test_ws/install/msgfolder/local/lib/python3.10/dist-packages/msgfolder-0.0.1-py3.10.egg-info/top_level.txt
-- Installing: /home/pi/test_ws/install/msgfolder/local/lib/python3.10/dist-packages/msgfolder-0.0.1-py3.10.egg-info/SOURCES.txt
-- Installing: /home/pi/test_ws/install/msgfolder/local/lib/python3.10/dist-packages/msgfolder-0.0.1-py3.10.egg-info/PKG-INFO
-- Up-to-date: /home/pi/test_ws/install/msgfolder/local/lib/python3.10/dist-packages/msgfolder
-- Up-to-date: /home/pi/test_ws/install/msgfolder/local/lib/python3.10/dist-packages/msgfolder/msg
-- Up-to-date: /home/pi/test_ws/install/msgfolder/local/lib/python3.10/dist-packages/msgfolder/msg/_watering_status.py
-- Up-to-date: /home/pi/test_ws/install/msgfolder/local/lib/python3.10/dist-packages/msgfolder/msg/_watering_command.py
-- Up-to-date: /home/pi/test_ws/install/msgfolder/local/lib/python3.10/dist-packages/msgfolder/msg/_machine_command_s.c
-- Up-to-date: /home/pi/test_ws/install/msgfolder/local/lib/python3.10/dist-packages/msgfolder/msg/_watering_command_s.c
-- Up-to-date: /home/pi/test_ws/install/msgfolder/local/lib/python3.10/dist-packages/msgfolder/msg/_machine_status.py
-- Up-to-date: /home/pi/test_ws/install/msgfolder/local/lib/python3.10/dist-packages/msgfolder/msg/_machine_status_s.c
-- Up-to-date: /home/pi/test_ws/install/msgfolder/local/lib/python3.10/dist-packages/msgfolder/msg/__init__.py
-- Up-to-date: /home/pi/test_ws/install/msgfolder/local/lib/python3.10/dist-packages/msgfolder/msg/_machine_command.py
-- Up-to-date: /home/pi/test_ws/install/msgfolder/local/lib/python3.10/dist-packages/msgfolder/msg/_watering_status_s.c
-- Up-to-date: /home/pi/test_ws/install/msgfolder/local/lib/python3.10/dist-packages/msgfolder/_msgfolder_s.ep.rosidl_typesupport_c.c
-- Up-to-date: /home/pi/test_ws/install/msgfolder/local/lib/python3.10/dist-packages/msgfolder/msgfolder_s__rosidl_typesupport_c.cpython-310-aarch64-linux-gnu.so
-- Up-to-date: /home/pi/test_ws/install/msgfolder/local/lib/python3.10/dist-packages/msgfolder/__init__.py
-- Up-to-date: /home/pi/test_ws/install/msgfolder/local/lib/python3.10/dist-packages/msgfolder/_msgfolder_s.ep.rosidl_typesupport_introspection_c.c
-- Up-to-date: /home/pi/test_ws/install/msgfolder/local/lib/python3.10/dist-packages/msgfolder/libmsgfolder__rosidl_generator_py.so
-- Up-to-date: /home/pi/test_ws/install/msgfolder/local/lib/python3.10/dist-packages/msgfolder/_msgfolder_s.ep.rosidl_typesupport_fastrtps_c.c
-- Up-to-date: /home/pi/test_ws/install/msgfolder/local/lib/python3.10/dist-packages/msgfolder/msgfolder_s__rosidl_typesupport_fastrtps_c.cpython-310-aarch64-linux-gnu.so
-- Up-to-date: /home/pi/test_ws/install/msgfolder/local/lib/python3.10/dist-packages/msgfolder/msgfolder_s__rosidl_typesupport_introspection_c.cpython-310-aarch64-linux-gnu.so
Listing '/home/pi/test_ws/install/msgfolder/local/lib/python3.10/dist-packages/msgfolder'...
Listing '/home/pi/test_ws/install/msgfolder/local/lib/python3.10/dist-packages/msgfolder/msg'...
-- Up-to-date: /home/pi/test_ws/install/msgfolder/local/lib/python3.10/dist-packages/msgfolder/msgfolder_s__rosidl_typesupport_fastrtps_c.cpython-310-aarch64-linux-gnu.so
-- Up-to-date: /home/pi/test_ws/install/msgfolder/local/lib/python3.10/dist-packages/msgfolder/msgfolder_s__rosidl_typesupport_introspection_c.cpython-310-aarch64-linux-gnu.so
-- Up-to-date: /home/pi/test_ws/install/msgfolder/local/lib/python3.10/dist-packages/msgfolder/msgfolder_s__rosidl_typesupport_c.cpython-310-aarch64-linux-gnu.so
-- Up-to-date: /home/pi/test_ws/install/msgfolder/lib/libmsgfolder__rosidl_generator_py.so
-- Up-to-date: /home/pi/test_ws/install/msgfolder/share/msgfolder/msg/MachineCommand.idl
-- Up-to-date: /home/pi/test_ws/install/msgfolder/share/msgfolder/msg/MachineStatus.idl
-- Up-to-date: /home/pi/test_ws/install/msgfolder/share/msgfolder/msg/WateringCommand.idl
-- Up-to-date: /home/pi/test_ws/install/msgfolder/share/msgfolder/msg/WateringStatus.idl
-- Up-to-date: /home/pi/test_ws/install/msgfolder/share/msgfolder/msg/MachineCommand.msg
-- Up-to-date: /home/pi/test_ws/install/msgfolder/share/msgfolder/msg/MachineStatus.msg
-- Up-to-date: /home/pi/test_ws/install/msgfolder/share/msgfolder/msg/WateringCommand.msg
-- Up-to-date: /home/pi/test_ws/install/msgfolder/share/msgfolder/msg/WateringStatus.msg
-- Up-to-date: /home/pi/test_ws/install/msgfolder/share/ament_index/resource_index/package_run_dependencies/msgfolder
-- Up-to-date: /home/pi/test_ws/install/msgfolder/share/ament_index/resource_index/parent_prefix_path/msgfolder
-- Up-to-date: /home/pi/test_ws/install/msgfolder/share/msgfolder/environment/ament_prefix_path.sh
-- Up-to-date: /home/pi/test_ws/install/msgfolder/share/msgfolder/environment/ament_prefix_path.dsv
-- Up-to-date: /home/pi/test_ws/install/msgfolder/share/msgfolder/environment/path.sh
-- Up-to-date: /home/pi/test_ws/install/msgfolder/share/msgfolder/environment/path.dsv
-- Up-to-date: /home/pi/test_ws/install/msgfolder/share/msgfolder/local_setup.bash
-- Up-to-date: /home/pi/test_ws/install/msgfolder/share/msgfolder/local_setup.sh
-- Up-to-date: /home/pi/test_ws/install/msgfolder/share/msgfolder/local_setup.zsh
-- Up-to-date: /home/pi/test_ws/install/msgfolder/share/msgfolder/local_setup.dsv
-- Installing: /home/pi/test_ws/install/msgfolder/share/msgfolder/package.dsv
-- Up-to-date: /home/pi/test_ws/install/msgfolder/share/ament_index/resource_index/packages/msgfolder
-- Up-to-date: /home/pi/test_ws/install/msgfolder/share/msgfolder/cmake/export_msgfolder__rosidl_generator_cExport.cmake
-- Up-to-date: /home/pi/test_ws/install/msgfolder/share/msgfolder/cmake/export_msgfolder__rosidl_generator_cExport-noconfig.cmake
-- Up-to-date: /home/pi/test_ws/install/msgfolder/share/msgfolder/cmake/export_msgfolder__rosidl_typesupport_fastrtps_cExport.cmake
-- Up-to-date: /home/pi/test_ws/install/msgfolder/share/msgfolder/cmake/export_msgfolder__rosidl_typesupport_fastrtps_cExport-noconfig.cmake
-- Up-to-date: /home/pi/test_ws/install/msgfolder/share/msgfolder/cmake/export_msgfolder__rosidl_generator_cppExport.cmake
-- Up-to-date: /home/pi/test_ws/install/msgfolder/share/msgfolder/cmake/export_msgfolder__rosidl_typesupport_fastrtps_cppExport.cmake
-- Up-to-date: /home/pi/test_ws/install/msgfolder/share/msgfolder/cmake/export_msgfolder__rosidl_typesupport_fastrtps_cppExport-noconfig.cmake
-- Up-to-date: /home/pi/test_ws/install/msgfolder/share/msgfolder/cmake/msgfolder__rosidl_typesupport_introspection_cExport.cmake
-- Up-to-date: /home/pi/test_ws/install/msgfolder/share/msgfolder/cmake/msgfolder__rosidl_typesupport_introspection_cExport-noconfig.cmake
-- Up-to-date: /home/pi/test_ws/install/msgfolder/share/msgfolder/cmake/msgfolder__rosidl_typesupport_cExport.cmake
-- Up-to-date: /home/pi/test_ws/install/msgfolder/share/msgfolder/cmake/msgfolder__rosidl_typesupport_cExport-noconfig.cmake
-- Up-to-date: /home/pi/test_ws/install/msgfolder/share/msgfolder/cmake/msgfolder__rosidl_typesupport_introspection_cppExport.cmake
-- Up-to-date: /home/pi/test_ws/install/msgfolder/share/msgfolder/cmake/msgfolder__rosidl_typesupport_introspection_cppExport-noconfig.cmake
-- Up-to-date: /home/pi/test_ws/install/msgfolder/share/msgfolder/cmake/msgfolder__rosidl_typesupport_cppExport.cmake
-- Up-to-date: /home/pi/test_ws/install/msgfolder/share/msgfolder/cmake/msgfolder__rosidl_typesupport_cppExport-noconfig.cmake
-- Up-to-date: /home/pi/test_ws/install/msgfolder/share/msgfolder/cmake/export_msgfolder__rosidl_generator_pyExport.cmake
-- Up-to-date: /home/pi/test_ws/install/msgfolder/share/msgfolder/cmake/export_msgfolder__rosidl_generator_pyExport-noconfig.cmake
-- Up-to-date: /home/pi/test_ws/install/msgfolder/share/msgfolder/cmake/rosidl_cmake-extras.cmake
-- Up-to-date: /home/pi/test_ws/install/msgfolder/share/msgfolder/cmake/ament_cmake_export_dependencies-extras.cmake
-- Up-to-date: /home/pi/test_ws/install/msgfolder/share/msgfolder/cmake/ament_cmake_export_include_directories-extras.cmake
-- Up-to-date: /home/pi/test_ws/install/msgfolder/share/msgfolder/cmake/ament_cmake_export_libraries-extras.cmake
-- Up-to-date: /home/pi/test_ws/install/msgfolder/share/msgfolder/cmake/ament_cmake_export_targets-extras.cmake
-- Up-to-date: /home/pi/test_ws/install/msgfolder/share/msgfolder/cmake/rosidl_cmake_export_typesupport_targets-extras.cmake
-- Up-to-date: /home/pi/test_ws/install/msgfolder/share/msgfolder/cmake/rosidl_cmake_export_typesupport_libraries-extras.cmake
-- Up-to-date: /home/pi/test_ws/install/msgfolder/share/msgfolder/cmake/msgfolderConfig.cmake
-- Up-to-date: /home/pi/test_ws/install/msgfolder/share/msgfolder/cmake/msgfolderConfig-version.cmake
-- Up-to-date: /home/pi/test_ws/install/msgfolder/share/msgfolder/package.xml
