[0.045s] Invoking command in '/home/pi/test_ws/build/msgfolder': CMAKE_PREFIX_PATH=${CMAKE_PREFIX_PATH}:/opt/ros/humble /usr/bin/cmake --build /home/pi/test_ws/build/msgfolder -- -j4 -l4
[0.220s] [35m[1mConsolidate compiler generated dependencies of target msgfolder__rosidl_generator_c[0m
[0.258s] [  1%] Built target msgfolder__cpp
[0.278s] [ 12%] Built target msgfolder__rosidl_generator_c
[0.308s] [ 12%] Built target ament_cmake_python_copy_msgfolder
[0.310s] [35m[1mConsolidate compiler generated dependencies of target msgfolder__rosidl_typesupport_cpp[0m
[0.311s] [35m[1mConsolidate compiler generated dependencies of target msgfolder__rosidl_typesupport_fastrtps_cpp[0m
[0.336s] [35m[1mConsolidate compiler generated dependencies of target msgfolder__rosidl_typesupport_introspection_cpp[0m
[0.363s] [35m[1mConsolidate compiler generated dependencies of target msgfolder__rosidl_typesupport_fastrtps_c[0m
[0.382s] [ 23%] Built target msgfolder__rosidl_typesupport_cpp
[0.394s] [ 34%] Built target msgfolder__rosidl_typesupport_fastrtps_cpp
[0.411s] [ 45%] Built target msgfolder__rosidl_typesupport_introspection_cpp
[0.433s] [35m[1mConsolidate compiler generated dependencies of target msgfolder__rosidl_typesupport_introspection_c[0m
[0.445s] [ 56%] Built target msgfolder__rosidl_typesupport_fastrtps_c
[0.453s] [35m[1mConsolidate compiler generated dependencies of target msgfolder__rosidl_typesupport_c[0m
[0.493s] [ 67%] Built target msgfolder__rosidl_typesupport_introspection_c
[0.507s] [ 78%] Built target msgfolder__rosidl_typesupport_c
[0.589s] [ 78%] Built target msgfolder
[0.676s] [ 80%] Built target msgfolder__py
[0.720s] [35m[1mConsolidate compiler generated dependencies of target msgfolder__rosidl_generator_py[0m
[0.793s] [ 89%] Built target msgfolder__rosidl_generator_py
[0.840s] [35m[1mConsolidate compiler generated dependencies of target msgfolder__rosidl_typesupport_fastrtps_c__pyext[0m
[0.843s] [35m[1mConsolidate compiler generated dependencies of target msgfolder__rosidl_typesupport_introspection_c__pyext[0m
[0.845s] [35m[1mConsolidate compiler generated dependencies of target msgfolder__rosidl_typesupport_c__pyext[0m
[0.911s] [ 92%] Built target msgfolder__rosidl_typesupport_fastrtps_c__pyext
[0.913s] [ 96%] Built target msgfolder__rosidl_typesupport_introspection_c__pyext
[0.916s] [100%] Built target msgfolder__rosidl_typesupport_c__pyext
[1.615s] running egg_info
[1.618s] writing msgfolder.egg-info/PKG-INFO
[1.619s] writing dependency_links to msgfolder.egg-info/dependency_links.txt
[1.620s] writing top-level names to msgfolder.egg-info/top_level.txt
[1.630s] reading manifest file 'msgfolder.egg-info/SOURCES.txt'
[1.632s] writing manifest file 'msgfolder.egg-info/SOURCES.txt'
[1.761s] [100%] Built target ament_cmake_python_build_msgfolder_egg
[1.806s] Invoked command in '/home/pi/test_ws/build/msgfolder' returned '0': CMAKE_PREFIX_PATH=${CMAKE_PREFIX_PATH}:/opt/ros/humble /usr/bin/cmake --build /home/pi/test_ws/build/msgfolder -- -j4 -l4
[2.648s] Invoking command in '/home/pi/test_ws/build/msgfolder': CMAKE_PREFIX_PATH=${CMAKE_PREFIX_PATH}:/opt/ros/humble /usr/bin/cmake --install /home/pi/test_ws/build/msgfolder
[2.676s] -- Install configuration: ""
[2.677s] -- Up-to-date: /home/pi/test_ws/install/msgfolder/share/ament_index/resource_index/rosidl_interfaces/msgfolder
[2.677s] -- Up-to-date: /home/pi/test_ws/install/msgfolder/include/msgfolder/msgfolder
[2.677s] -- Up-to-date: /home/pi/test_ws/install/msgfolder/include/msgfolder/msgfolder/msg
[2.678s] -- Up-to-date: /home/pi/test_ws/install/msgfolder/include/msgfolder/msgfolder/msg/watering_command.h
[2.678s] -- Up-to-date: /home/pi/test_ws/install/msgfolder/include/msgfolder/msgfolder/msg/detail
[2.679s] -- Up-to-date: /home/pi/test_ws/install/msgfolder/include/msgfolder/msgfolder/msg/detail/watering_status__type_support.h
[2.679s] -- Up-to-date: /home/pi/test_ws/install/msgfolder/include/msgfolder/msgfolder/msg/detail/machine_command__functions.h
[2.679s] -- Up-to-date: /home/pi/test_ws/install/msgfolder/include/msgfolder/msgfolder/msg/detail/machine_status__functions.h
[2.680s] -- Up-to-date: /home/pi/test_ws/install/msgfolder/include/msgfolder/msgfolder/msg/detail/machine_command__type_support.h
[2.680s] -- Up-to-date: /home/pi/test_ws/install/msgfolder/include/msgfolder/msgfolder/msg/detail/watering_command__type_support.h
[2.680s] -- Up-to-date: /home/pi/test_ws/install/msgfolder/include/msgfolder/msgfolder/msg/detail/machine_status__type_support.h
[2.681s] -- Up-to-date: /home/pi/test_ws/install/msgfolder/include/msgfolder/msgfolder/msg/detail/machine_command__functions.c
[2.681s] -- Up-to-date: /home/pi/test_ws/install/msgfolder/include/msgfolder/msgfolder/msg/detail/watering_command__struct.h
[2.682s] -- Up-to-date: /home/pi/test_ws/install/msgfolder/include/msgfolder/msgfolder/msg/detail/watering_status__struct.h
[2.682s] -- Up-to-date: /home/pi/test_ws/install/msgfolder/include/msgfolder/msgfolder/msg/detail/watering_command__functions.h
[2.682s] -- Up-to-date: /home/pi/test_ws/install/msgfolder/include/msgfolder/msgfolder/msg/detail/watering_command__functions.c
[2.683s] -- Up-to-date: /home/pi/test_ws/install/msgfolder/include/msgfolder/msgfolder/msg/detail/machine_command__struct.h
[2.683s] -- Up-to-date: /home/pi/test_ws/install/msgfolder/include/msgfolder/msgfolder/msg/detail/watering_status__functions.h
[2.683s] -- Up-to-date: /home/pi/test_ws/install/msgfolder/include/msgfolder/msgfolder/msg/detail/machine_status__functions.c
[2.684s] -- Up-to-date: /home/pi/test_ws/install/msgfolder/include/msgfolder/msgfolder/msg/detail/watering_status__functions.c
[2.684s] -- Up-to-date: /home/pi/test_ws/install/msgfolder/include/msgfolder/msgfolder/msg/detail/machine_status__struct.h
[2.684s] -- Up-to-date: /home/pi/test_ws/install/msgfolder/include/msgfolder/msgfolder/msg/watering_status.h
[2.685s] -- Up-to-date: /home/pi/test_ws/install/msgfolder/include/msgfolder/msgfolder/msg/rosidl_generator_c__visibility_control.h
[2.685s] -- Up-to-date: /home/pi/test_ws/install/msgfolder/include/msgfolder/msgfolder/msg/machine_command.h
[2.685s] -- Up-to-date: /home/pi/test_ws/install/msgfolder/include/msgfolder/msgfolder/msg/machine_status.h
[2.686s] -- Up-to-date: /home/pi/test_ws/install/msgfolder/share/msgfolder/environment/library_path.sh
[2.686s] -- Up-to-date: /home/pi/test_ws/install/msgfolder/share/msgfolder/environment/library_path.dsv
[2.686s] -- Up-to-date: /home/pi/test_ws/install/msgfolder/lib/libmsgfolder__rosidl_generator_c.so
[2.687s] -- Up-to-date: /home/pi/test_ws/install/msgfolder/include/msgfolder/msgfolder
[2.687s] -- Up-to-date: /home/pi/test_ws/install/msgfolder/include/msgfolder/msgfolder/msg
[2.687s] -- Up-to-date: /home/pi/test_ws/install/msgfolder/include/msgfolder/msgfolder/msg/rosidl_typesupport_fastrtps_c__visibility_control.h
[2.688s] -- Up-to-date: /home/pi/test_ws/install/msgfolder/include/msgfolder/msgfolder/msg/detail
[2.688s] -- Up-to-date: /home/pi/test_ws/install/msgfolder/include/msgfolder/msgfolder/msg/detail/machine_status__rosidl_typesupport_fastrtps_c.h
[2.688s] -- Up-to-date: /home/pi/test_ws/install/msgfolder/include/msgfolder/msgfolder/msg/detail/watering_status__rosidl_typesupport_fastrtps_c.h
[2.689s] -- Up-to-date: /home/pi/test_ws/install/msgfolder/include/msgfolder/msgfolder/msg/detail/watering_command__rosidl_typesupport_fastrtps_c.h
[2.689s] -- Up-to-date: /home/pi/test_ws/install/msgfolder/include/msgfolder/msgfolder/msg/detail/machine_command__rosidl_typesupport_fastrtps_c.h
[2.690s] -- Up-to-date: /home/pi/test_ws/install/msgfolder/lib/libmsgfolder__rosidl_typesupport_fastrtps_c.so
[2.691s] -- Up-to-date: /home/pi/test_ws/install/msgfolder/include/msgfolder/msgfolder
[2.691s] -- Up-to-date: /home/pi/test_ws/install/msgfolder/include/msgfolder/msgfolder/msg
[2.691s] -- Up-to-date: /home/pi/test_ws/install/msgfolder/include/msgfolder/msgfolder/msg/detail
[2.692s] -- Up-to-date: /home/pi/test_ws/install/msgfolder/include/msgfolder/msgfolder/msg/detail/watering_status__builder.hpp
[2.692s] -- Up-to-date: /home/pi/test_ws/install/msgfolder/include/msgfolder/msgfolder/msg/detail/watering_status__traits.hpp
[2.693s] -- Up-to-date: /home/pi/test_ws/install/msgfolder/include/msgfolder/msgfolder/msg/detail/machine_status__struct.hpp
[2.693s] -- Up-to-date: /home/pi/test_ws/install/msgfolder/include/msgfolder/msgfolder/msg/detail/watering_command__builder.hpp
[2.693s] -- Up-to-date: /home/pi/test_ws/install/msgfolder/include/msgfolder/msgfolder/msg/detail/machine_command__struct.hpp
[2.694s] -- Up-to-date: /home/pi/test_ws/install/msgfolder/include/msgfolder/msgfolder/msg/detail/machine_command__traits.hpp
[2.694s] -- Up-to-date: /home/pi/test_ws/install/msgfolder/include/msgfolder/msgfolder/msg/detail/watering_status__struct.hpp
[2.695s] -- Up-to-date: /home/pi/test_ws/install/msgfolder/include/msgfolder/msgfolder/msg/detail/machine_status__builder.hpp
[2.695s] -- Up-to-date: /home/pi/test_ws/install/msgfolder/include/msgfolder/msgfolder/msg/detail/watering_command__struct.hpp
[2.695s] -- Up-to-date: /home/pi/test_ws/install/msgfolder/include/msgfolder/msgfolder/msg/detail/machine_command__builder.hpp
[2.696s] -- Up-to-date: /home/pi/test_ws/install/msgfolder/include/msgfolder/msgfolder/msg/detail/machine_status__traits.hpp
[2.696s] -- Up-to-date: /home/pi/test_ws/install/msgfolder/include/msgfolder/msgfolder/msg/detail/watering_command__traits.hpp
[2.696s] -- Up-to-date: /home/pi/test_ws/install/msgfolder/include/msgfolder/msgfolder/msg/watering_status.hpp
[2.697s] -- Up-to-date: /home/pi/test_ws/install/msgfolder/include/msgfolder/msgfolder/msg/watering_command.hpp
[2.697s] -- Up-to-date: /home/pi/test_ws/install/msgfolder/include/msgfolder/msgfolder/msg/machine_command.hpp
[2.698s] -- Up-to-date: /home/pi/test_ws/install/msgfolder/include/msgfolder/msgfolder/msg/machine_status.hpp
[2.698s] -- Up-to-date: /home/pi/test_ws/install/msgfolder/include/msgfolder/msgfolder
[2.698s] -- Up-to-date: /home/pi/test_ws/install/msgfolder/include/msgfolder/msgfolder/msg
[2.699s] -- Up-to-date: /home/pi/test_ws/install/msgfolder/include/msgfolder/msgfolder/msg/detail
[2.699s] -- Up-to-date: /home/pi/test_ws/install/msgfolder/include/msgfolder/msgfolder/msg/detail/dds_fastrtps
[2.699s] -- Up-to-date: /home/pi/test_ws/install/msgfolder/include/msgfolder/msgfolder/msg/detail/watering_status__rosidl_typesupport_fastrtps_cpp.hpp
[2.699s] -- Up-to-date: /home/pi/test_ws/install/msgfolder/include/msgfolder/msgfolder/msg/detail/watering_command__rosidl_typesupport_fastrtps_cpp.hpp
[2.700s] -- Up-to-date: /home/pi/test_ws/install/msgfolder/include/msgfolder/msgfolder/msg/detail/machine_status__rosidl_typesupport_fastrtps_cpp.hpp
[2.700s] -- Up-to-date: /home/pi/test_ws/install/msgfolder/include/msgfolder/msgfolder/msg/detail/machine_command__rosidl_typesupport_fastrtps_cpp.hpp
[2.700s] -- Up-to-date: /home/pi/test_ws/install/msgfolder/include/msgfolder/msgfolder/msg/rosidl_typesupport_fastrtps_cpp__visibility_control.h
[2.701s] -- Up-to-date: /home/pi/test_ws/install/msgfolder/lib/libmsgfolder__rosidl_typesupport_fastrtps_cpp.so
[2.701s] -- Up-to-date: /home/pi/test_ws/install/msgfolder/include/msgfolder/msgfolder
[2.701s] -- Up-to-date: /home/pi/test_ws/install/msgfolder/include/msgfolder/msgfolder/msg
[2.702s] -- Up-to-date: /home/pi/test_ws/install/msgfolder/include/msgfolder/msgfolder/msg/detail
[2.702s] -- Up-to-date: /home/pi/test_ws/install/msgfolder/include/msgfolder/msgfolder/msg/detail/watering_status__type_support.c
[2.702s] -- Up-to-date: /home/pi/test_ws/install/msgfolder/include/msgfolder/msgfolder/msg/detail/machine_status__rosidl_typesupport_introspection_c.h
[2.703s] -- Up-to-date: /home/pi/test_ws/install/msgfolder/include/msgfolder/msgfolder/msg/detail/machine_command__rosidl_typesupport_introspection_c.h
[2.703s] -- Up-to-date: /home/pi/test_ws/install/msgfolder/include/msgfolder/msgfolder/msg/detail/watering_command__rosidl_typesupport_introspection_c.h
[2.703s] -- Up-to-date: /home/pi/test_ws/install/msgfolder/include/msgfolder/msgfolder/msg/detail/machine_command__type_support.c
[2.704s] -- Up-to-date: /home/pi/test_ws/install/msgfolder/include/msgfolder/msgfolder/msg/detail/watering_command__type_support.c
[2.704s] -- Up-to-date: /home/pi/test_ws/install/msgfolder/include/msgfolder/msgfolder/msg/detail/watering_status__rosidl_typesupport_introspection_c.h
[2.704s] -- Up-to-date: /home/pi/test_ws/install/msgfolder/include/msgfolder/msgfolder/msg/detail/machine_status__type_support.c
[2.705s] -- Up-to-date: /home/pi/test_ws/install/msgfolder/include/msgfolder/msgfolder/msg/rosidl_typesupport_introspection_c__visibility_control.h
[2.705s] -- Up-to-date: /home/pi/test_ws/install/msgfolder/lib/libmsgfolder__rosidl_typesupport_introspection_c.so
[2.707s] -- Up-to-date: /home/pi/test_ws/install/msgfolder/lib/libmsgfolder__rosidl_typesupport_c.so
[2.708s] -- Up-to-date: /home/pi/test_ws/install/msgfolder/include/msgfolder/msgfolder
[2.708s] -- Up-to-date: /home/pi/test_ws/install/msgfolder/include/msgfolder/msgfolder/msg
[2.708s] -- Up-to-date: /home/pi/test_ws/install/msgfolder/include/msgfolder/msgfolder/msg/detail
[2.709s] -- Up-to-date: /home/pi/test_ws/install/msgfolder/include/msgfolder/msgfolder/msg/detail/machine_status__rosidl_typesupport_introspection_cpp.hpp
[2.709s] -- Up-to-date: /home/pi/test_ws/install/msgfolder/include/msgfolder/msgfolder/msg/detail/machine_status__type_support.cpp
[2.710s] -- Up-to-date: /home/pi/test_ws/install/msgfolder/include/msgfolder/msgfolder/msg/detail/watering_status__type_support.cpp
[2.710s] -- Up-to-date: /home/pi/test_ws/install/msgfolder/include/msgfolder/msgfolder/msg/detail/watering_command__type_support.cpp
[2.710s] -- Up-to-date: /home/pi/test_ws/install/msgfolder/include/msgfolder/msgfolder/msg/detail/machine_command__rosidl_typesupport_introspection_cpp.hpp
[2.711s] -- Up-to-date: /home/pi/test_ws/install/msgfolder/include/msgfolder/msgfolder/msg/detail/watering_command__rosidl_typesupport_introspection_cpp.hpp
[2.712s] -- Up-to-date: /home/pi/test_ws/install/msgfolder/include/msgfolder/msgfolder/msg/detail/machine_command__type_support.cpp
[2.712s] -- Up-to-date: /home/pi/test_ws/install/msgfolder/include/msgfolder/msgfolder/msg/detail/watering_status__rosidl_typesupport_introspection_cpp.hpp
[2.712s] -- Up-to-date: /home/pi/test_ws/install/msgfolder/lib/libmsgfolder__rosidl_typesupport_introspection_cpp.so
[2.714s] -- Up-to-date: /home/pi/test_ws/install/msgfolder/lib/libmsgfolder__rosidl_typesupport_cpp.so
[2.715s] -- Up-to-date: /home/pi/test_ws/install/msgfolder/share/msgfolder/environment/pythonpath.sh
[2.716s] -- Up-to-date: /home/pi/test_ws/install/msgfolder/share/msgfolder/environment/pythonpath.dsv
[2.716s] -- Up-to-date: /home/pi/test_ws/install/msgfolder/local/lib/python3.10/dist-packages/msgfolder-0.0.1-py3.10.egg-info
[2.716s] -- Installing: /home/pi/test_ws/install/msgfolder/local/lib/python3.10/dist-packages/msgfolder-0.0.1-py3.10.egg-info/dependency_links.txt
[2.717s] -- Installing: /home/pi/test_ws/install/msgfolder/local/lib/python3.10/dist-packages/msgfolder-0.0.1-py3.10.egg-info/top_level.txt
[2.719s] -- Installing: /home/pi/test_ws/install/msgfolder/local/lib/python3.10/dist-packages/msgfolder-0.0.1-py3.10.egg-info/SOURCES.txt
[2.720s] -- Installing: /home/pi/test_ws/install/msgfolder/local/lib/python3.10/dist-packages/msgfolder-0.0.1-py3.10.egg-info/PKG-INFO
[2.721s] -- Up-to-date: /home/pi/test_ws/install/msgfolder/local/lib/python3.10/dist-packages/msgfolder
[2.721s] -- Up-to-date: /home/pi/test_ws/install/msgfolder/local/lib/python3.10/dist-packages/msgfolder/msg
[2.722s] -- Up-to-date: /home/pi/test_ws/install/msgfolder/local/lib/python3.10/dist-packages/msgfolder/msg/_watering_status.py
[2.722s] -- Up-to-date: /home/pi/test_ws/install/msgfolder/local/lib/python3.10/dist-packages/msgfolder/msg/_watering_command.py
[2.722s] -- Up-to-date: /home/pi/test_ws/install/msgfolder/local/lib/python3.10/dist-packages/msgfolder/msg/_machine_command_s.c
[2.723s] -- Up-to-date: /home/pi/test_ws/install/msgfolder/local/lib/python3.10/dist-packages/msgfolder/msg/_watering_command_s.c
[2.723s] -- Up-to-date: /home/pi/test_ws/install/msgfolder/local/lib/python3.10/dist-packages/msgfolder/msg/_machine_status.py
[2.724s] -- Up-to-date: /home/pi/test_ws/install/msgfolder/local/lib/python3.10/dist-packages/msgfolder/msg/_machine_status_s.c
[2.724s] -- Up-to-date: /home/pi/test_ws/install/msgfolder/local/lib/python3.10/dist-packages/msgfolder/msg/__init__.py
[2.724s] -- Up-to-date: /home/pi/test_ws/install/msgfolder/local/lib/python3.10/dist-packages/msgfolder/msg/_machine_command.py
[2.725s] -- Up-to-date: /home/pi/test_ws/install/msgfolder/local/lib/python3.10/dist-packages/msgfolder/msg/_watering_status_s.c
[2.725s] -- Up-to-date: /home/pi/test_ws/install/msgfolder/local/lib/python3.10/dist-packages/msgfolder/_msgfolder_s.ep.rosidl_typesupport_c.c
[2.725s] -- Up-to-date: /home/pi/test_ws/install/msgfolder/local/lib/python3.10/dist-packages/msgfolder/msgfolder_s__rosidl_typesupport_c.cpython-310-aarch64-linux-gnu.so
[2.726s] -- Up-to-date: /home/pi/test_ws/install/msgfolder/local/lib/python3.10/dist-packages/msgfolder/__init__.py
[2.726s] -- Up-to-date: /home/pi/test_ws/install/msgfolder/local/lib/python3.10/dist-packages/msgfolder/_msgfolder_s.ep.rosidl_typesupport_introspection_c.c
[2.726s] -- Up-to-date: /home/pi/test_ws/install/msgfolder/local/lib/python3.10/dist-packages/msgfolder/libmsgfolder__rosidl_generator_py.so
[2.727s] -- Up-to-date: /home/pi/test_ws/install/msgfolder/local/lib/python3.10/dist-packages/msgfolder/_msgfolder_s.ep.rosidl_typesupport_fastrtps_c.c
[2.727s] -- Up-to-date: /home/pi/test_ws/install/msgfolder/local/lib/python3.10/dist-packages/msgfolder/msgfolder_s__rosidl_typesupport_fastrtps_c.cpython-310-aarch64-linux-gnu.so
[2.727s] -- Up-to-date: /home/pi/test_ws/install/msgfolder/local/lib/python3.10/dist-packages/msgfolder/msgfolder_s__rosidl_typesupport_introspection_c.cpython-310-aarch64-linux-gnu.so
[2.869s] Listing '/home/pi/test_ws/install/msgfolder/local/lib/python3.10/dist-packages/msgfolder'...
[2.870s] Listing '/home/pi/test_ws/install/msgfolder/local/lib/python3.10/dist-packages/msgfolder/msg'...
[2.891s] -- Up-to-date: /home/pi/test_ws/install/msgfolder/local/lib/python3.10/dist-packages/msgfolder/msgfolder_s__rosidl_typesupport_fastrtps_c.cpython-310-aarch64-linux-gnu.so
[2.893s] -- Up-to-date: /home/pi/test_ws/install/msgfolder/local/lib/python3.10/dist-packages/msgfolder/msgfolder_s__rosidl_typesupport_introspection_c.cpython-310-aarch64-linux-gnu.so
[2.895s] -- Up-to-date: /home/pi/test_ws/install/msgfolder/local/lib/python3.10/dist-packages/msgfolder/msgfolder_s__rosidl_typesupport_c.cpython-310-aarch64-linux-gnu.so
[2.897s] -- Up-to-date: /home/pi/test_ws/install/msgfolder/lib/libmsgfolder__rosidl_generator_py.so
[2.898s] -- Up-to-date: /home/pi/test_ws/install/msgfolder/share/msgfolder/msg/MachineCommand.idl
[2.899s] -- Up-to-date: /home/pi/test_ws/install/msgfolder/share/msgfolder/msg/MachineStatus.idl
[2.899s] -- Up-to-date: /home/pi/test_ws/install/msgfolder/share/msgfolder/msg/WateringCommand.idl
[2.900s] -- Up-to-date: /home/pi/test_ws/install/msgfolder/share/msgfolder/msg/WateringStatus.idl
[2.900s] -- Up-to-date: /home/pi/test_ws/install/msgfolder/share/msgfolder/msg/MachineCommand.msg
[2.900s] -- Up-to-date: /home/pi/test_ws/install/msgfolder/share/msgfolder/msg/MachineStatus.msg
[2.901s] -- Up-to-date: /home/pi/test_ws/install/msgfolder/share/msgfolder/msg/WateringCommand.msg
[2.901s] -- Up-to-date: /home/pi/test_ws/install/msgfolder/share/msgfolder/msg/WateringStatus.msg
[2.902s] -- Up-to-date: /home/pi/test_ws/install/msgfolder/share/ament_index/resource_index/package_run_dependencies/msgfolder
[2.902s] -- Up-to-date: /home/pi/test_ws/install/msgfolder/share/ament_index/resource_index/parent_prefix_path/msgfolder
[2.903s] -- Up-to-date: /home/pi/test_ws/install/msgfolder/share/msgfolder/environment/ament_prefix_path.sh
[2.903s] -- Up-to-date: /home/pi/test_ws/install/msgfolder/share/msgfolder/environment/ament_prefix_path.dsv
[2.903s] -- Up-to-date: /home/pi/test_ws/install/msgfolder/share/msgfolder/environment/path.sh
[2.904s] -- Up-to-date: /home/pi/test_ws/install/msgfolder/share/msgfolder/environment/path.dsv
[2.904s] -- Up-to-date: /home/pi/test_ws/install/msgfolder/share/msgfolder/local_setup.bash
[2.904s] -- Up-to-date: /home/pi/test_ws/install/msgfolder/share/msgfolder/local_setup.sh
[2.905s] -- Up-to-date: /home/pi/test_ws/install/msgfolder/share/msgfolder/local_setup.zsh
[2.905s] -- Up-to-date: /home/pi/test_ws/install/msgfolder/share/msgfolder/local_setup.dsv
[2.905s] -- Installing: /home/pi/test_ws/install/msgfolder/share/msgfolder/package.dsv
[2.906s] -- Up-to-date: /home/pi/test_ws/install/msgfolder/share/ament_index/resource_index/packages/msgfolder
[2.906s] -- Up-to-date: /home/pi/test_ws/install/msgfolder/share/msgfolder/cmake/export_msgfolder__rosidl_generator_cExport.cmake
[2.907s] -- Up-to-date: /home/pi/test_ws/install/msgfolder/share/msgfolder/cmake/export_msgfolder__rosidl_generator_cExport-noconfig.cmake
[2.907s] -- Up-to-date: /home/pi/test_ws/install/msgfolder/share/msgfolder/cmake/export_msgfolder__rosidl_typesupport_fastrtps_cExport.cmake
[2.908s] -- Up-to-date: /home/pi/test_ws/install/msgfolder/share/msgfolder/cmake/export_msgfolder__rosidl_typesupport_fastrtps_cExport-noconfig.cmake
[2.908s] -- Up-to-date: /home/pi/test_ws/install/msgfolder/share/msgfolder/cmake/export_msgfolder__rosidl_generator_cppExport.cmake
[2.909s] -- Up-to-date: /home/pi/test_ws/install/msgfolder/share/msgfolder/cmake/export_msgfolder__rosidl_typesupport_fastrtps_cppExport.cmake
[2.910s] -- Up-to-date: /home/pi/test_ws/install/msgfolder/share/msgfolder/cmake/export_msgfolder__rosidl_typesupport_fastrtps_cppExport-noconfig.cmake
[2.910s] -- Up-to-date: /home/pi/test_ws/install/msgfolder/share/msgfolder/cmake/msgfolder__rosidl_typesupport_introspection_cExport.cmake
[2.911s] -- Up-to-date: /home/pi/test_ws/install/msgfolder/share/msgfolder/cmake/msgfolder__rosidl_typesupport_introspection_cExport-noconfig.cmake
[2.912s] -- Up-to-date: /home/pi/test_ws/install/msgfolder/share/msgfolder/cmake/msgfolder__rosidl_typesupport_cExport.cmake
[2.912s] -- Up-to-date: /home/pi/test_ws/install/msgfolder/share/msgfolder/cmake/msgfolder__rosidl_typesupport_cExport-noconfig.cmake
[2.913s] -- Up-to-date: /home/pi/test_ws/install/msgfolder/share/msgfolder/cmake/msgfolder__rosidl_typesupport_introspection_cppExport.cmake
[2.913s] -- Up-to-date: /home/pi/test_ws/install/msgfolder/share/msgfolder/cmake/msgfolder__rosidl_typesupport_introspection_cppExport-noconfig.cmake
[2.914s] -- Up-to-date: /home/pi/test_ws/install/msgfolder/share/msgfolder/cmake/msgfolder__rosidl_typesupport_cppExport.cmake
[2.914s] -- Up-to-date: /home/pi/test_ws/install/msgfolder/share/msgfolder/cmake/msgfolder__rosidl_typesupport_cppExport-noconfig.cmake
[2.915s] -- Up-to-date: /home/pi/test_ws/install/msgfolder/share/msgfolder/cmake/export_msgfolder__rosidl_generator_pyExport.cmake
[2.916s] -- Up-to-date: /home/pi/test_ws/install/msgfolder/share/msgfolder/cmake/export_msgfolder__rosidl_generator_pyExport-noconfig.cmake
[2.916s] -- Up-to-date: /home/pi/test_ws/install/msgfolder/share/msgfolder/cmake/rosidl_cmake-extras.cmake
[2.916s] -- Up-to-date: /home/pi/test_ws/install/msgfolder/share/msgfolder/cmake/ament_cmake_export_dependencies-extras.cmake
[2.917s] -- Up-to-date: /home/pi/test_ws/install/msgfolder/share/msgfolder/cmake/ament_cmake_export_include_directories-extras.cmake
[2.917s] -- Up-to-date: /home/pi/test_ws/install/msgfolder/share/msgfolder/cmake/ament_cmake_export_libraries-extras.cmake
[2.918s] -- Up-to-date: /home/pi/test_ws/install/msgfolder/share/msgfolder/cmake/ament_cmake_export_targets-extras.cmake
[2.918s] -- Up-to-date: /home/pi/test_ws/install/msgfolder/share/msgfolder/cmake/rosidl_cmake_export_typesupport_targets-extras.cmake
[2.918s] -- Up-to-date: /home/pi/test_ws/install/msgfolder/share/msgfolder/cmake/rosidl_cmake_export_typesupport_libraries-extras.cmake
[2.919s] -- Up-to-date: /home/pi/test_ws/install/msgfolder/share/msgfolder/cmake/msgfolderConfig.cmake
[2.919s] -- Up-to-date: /home/pi/test_ws/install/msgfolder/share/msgfolder/cmake/msgfolderConfig-version.cmake
[2.920s] -- Up-to-date: /home/pi/test_ws/install/msgfolder/share/msgfolder/package.xml
[2.926s] Invoked command in '/home/pi/test_ws/build/msgfolder' returned '0': CMAKE_PREFIX_PATH=${CMAKE_PREFIX_PATH}:/opt/ros/humble /usr/bin/cmake --install /home/pi/test_ws/build/msgfolder
