[0.449s] DEBUG:colcon:Command line arguments: ['/usr/bin/colcon', 'build']
[0.449s] DEBUG:colcon:Parsed command line arguments: Namespace(log_base=None, log_level=None, verb_name='build', build_base='build', install_base='install', merge_install=False, symlink_install=False, test_result_base=None, continue_on_error=False, executor='parallel', parallel_workers=4, event_handlers=None, ignore_user_meta=False, metas=['./colcon.meta'], base_paths=['.'], packages_ignore=None, packages_ignore_regex=None, paths=None, packages_up_to=None, packages_up_to_regex=None, packages_above=None, packages_above_and_dependencies=None, packages_above_depth=None, packages_select_by_dep=None, packages_skip_by_dep=None, packages_skip_up_to=None, packages_select_build_failed=False, packages_skip_build_finished=False, packages_select_test_failures=False, packages_skip_test_passed=False, packages_select=None, packages_skip=None, packages_select_regex=None, packages_skip_regex=None, packages_start=None, packages_end=None, allow_overriding=[], cmake_args=None, cmake_target=None, cmake_target_skip_unavailable=False, cmake_clean_cache=False, cmake_clean_first=False, cmake_force_configure=False, ament_cmake_args=None, catkin_cmake_args=None, catkin_skip_building_tests=False, mixin_files=None, mixin=None, verb_parser=<colcon_mixin.mixin.mixin_argument.MixinArgumentDecorator object at 0xffffa300ead0>, verb_extension=<colcon_core.verb.build.BuildVerb object at 0xffffa311bbb0>, main=<bound method BuildVerb.main of <colcon_core.verb.build.BuildVerb object at 0xffffa311bbb0>>, mixin_verb=('build',))
[1.242s] Level 1:colcon.colcon_core.package_discovery:discover_packages(colcon_meta) check parameters
[1.243s] Level 1:colcon.colcon_core.package_discovery:discover_packages(recursive) check parameters
[1.243s] Level 1:colcon.colcon_core.package_discovery:discover_packages(ignore) check parameters
[1.243s] Level 1:colcon.colcon_core.package_discovery:discover_packages(path) check parameters
[1.243s] Level 1:colcon.colcon_core.package_discovery:discover_packages(colcon_meta) discover
[1.243s] Level 1:colcon.colcon_core.package_discovery:discover_packages(recursive) discover
[1.244s] INFO:colcon.colcon_core.package_discovery:Crawling recursively for packages in '/home/pi/test_ws'
[1.244s] Level 1:colcon.colcon_core.package_identification:_identify(.) by extensions ['ignore', 'ignore_ament_install']
[1.244s] Level 1:colcon.colcon_core.package_identification:_identify(.) by extension 'ignore'
[1.245s] Level 1:colcon.colcon_core.package_identification:_identify(.) by extension 'ignore_ament_install'
[1.245s] Level 1:colcon.colcon_core.package_identification:_identify(.) by extensions ['colcon_pkg']
[1.245s] Level 1:colcon.colcon_core.package_identification:_identify(.) by extension 'colcon_pkg'
[1.245s] Level 1:colcon.colcon_core.package_identification:_identify(.) by extensions ['colcon_meta']
[1.245s] Level 1:colcon.colcon_core.package_identification:_identify(.) by extension 'colcon_meta'
[1.245s] Level 1:colcon.colcon_core.package_identification:_identify(.) by extensions ['ros']
[1.246s] Level 1:colcon.colcon_core.package_identification:_identify(.) by extension 'ros'
[1.291s] Level 1:colcon.colcon_core.package_identification:_identify(.) by extensions ['cmake', 'python']
[1.291s] Level 1:colcon.colcon_core.package_identification:_identify(.) by extension 'cmake'
[1.291s] Level 1:colcon.colcon_core.package_identification:_identify(.) by extension 'python'
[1.291s] Level 1:colcon.colcon_core.package_identification:_identify(.) by extensions ['python_setup_py']
[1.291s] Level 1:colcon.colcon_core.package_identification:_identify(.) by extension 'python_setup_py'
[1.292s] Level 1:colcon.colcon_core.package_identification:_identify(build) by extensions ['ignore', 'ignore_ament_install']
[1.292s] Level 1:colcon.colcon_core.package_identification:_identify(build) by extension 'ignore'
[1.292s] Level 1:colcon.colcon_core.package_identification:_identify(build) ignored
[1.293s] Level 1:colcon.colcon_core.package_identification:_identify(install) by extensions ['ignore', 'ignore_ament_install']
[1.293s] Level 1:colcon.colcon_core.package_identification:_identify(install) by extension 'ignore'
[1.294s] Level 1:colcon.colcon_core.package_identification:_identify(install) ignored
[1.294s] Level 1:colcon.colcon_core.package_identification:_identify(log) by extensions ['ignore', 'ignore_ament_install']
[1.294s] Level 1:colcon.colcon_core.package_identification:_identify(log) by extension 'ignore'
[1.294s] Level 1:colcon.colcon_core.package_identification:_identify(log) ignored
[1.295s] Level 1:colcon.colcon_core.package_identification:_identify(src) by extensions ['ignore', 'ignore_ament_install']
[1.295s] Level 1:colcon.colcon_core.package_identification:_identify(src) by extension 'ignore'
[1.295s] Level 1:colcon.colcon_core.package_identification:_identify(src) by extension 'ignore_ament_install'
[1.295s] Level 1:colcon.colcon_core.package_identification:_identify(src) by extensions ['colcon_pkg']
[1.295s] Level 1:colcon.colcon_core.package_identification:_identify(src) by extension 'colcon_pkg'
[1.296s] Level 1:colcon.colcon_core.package_identification:_identify(src) by extensions ['colcon_meta']
[1.296s] Level 1:colcon.colcon_core.package_identification:_identify(src) by extension 'colcon_meta'
[1.296s] Level 1:colcon.colcon_core.package_identification:_identify(src) by extensions ['ros']
[1.296s] Level 1:colcon.colcon_core.package_identification:_identify(src) by extension 'ros'
[1.296s] Level 1:colcon.colcon_core.package_identification:_identify(src) by extensions ['cmake', 'python']
[1.296s] Level 1:colcon.colcon_core.package_identification:_identify(src) by extension 'cmake'
[1.297s] Level 1:colcon.colcon_core.package_identification:_identify(src) by extension 'python'
[1.297s] Level 1:colcon.colcon_core.package_identification:_identify(src) by extensions ['python_setup_py']
[1.297s] Level 1:colcon.colcon_core.package_identification:_identify(src) by extension 'python_setup_py'
[1.297s] Level 1:colcon.colcon_core.package_identification:_identify(src/lomas_ros_pkg) by extensions ['ignore', 'ignore_ament_install']
[1.298s] Level 1:colcon.colcon_core.package_identification:_identify(src/lomas_ros_pkg) by extension 'ignore'
[1.298s] Level 1:colcon.colcon_core.package_identification:_identify(src/lomas_ros_pkg) by extension 'ignore_ament_install'
[1.298s] Level 1:colcon.colcon_core.package_identification:_identify(src/lomas_ros_pkg) by extensions ['colcon_pkg']
[1.298s] Level 1:colcon.colcon_core.package_identification:_identify(src/lomas_ros_pkg) by extension 'colcon_pkg'
[1.298s] Level 1:colcon.colcon_core.package_identification:_identify(src/lomas_ros_pkg) by extensions ['colcon_meta']
[1.298s] Level 1:colcon.colcon_core.package_identification:_identify(src/lomas_ros_pkg) by extension 'colcon_meta'
[1.299s] Level 1:colcon.colcon_core.package_identification:_identify(src/lomas_ros_pkg) by extensions ['ros']
[1.299s] Level 1:colcon.colcon_core.package_identification:_identify(src/lomas_ros_pkg) by extension 'ros'
[1.306s] DEBUG:colcon.colcon_core.package_identification:Failed to parse potential ROS package manifest in'src/lomas_ros_pkg': Error(s) in package 'src/lomas_ros_pkg/package.xml':
Error(s):
- The generic dependency on 'rclpy' is redundant with: exec_depend
- The generic dependency on 'std_msgs' is redundant with: exec_depend
[1.306s] Level 1:colcon.colcon_core.package_identification:_identify(src/lomas_ros_pkg) by extensions ['cmake', 'python']
[1.307s] Level 1:colcon.colcon_core.package_identification:_identify(src/lomas_ros_pkg) by extension 'cmake'
[1.307s] Level 1:colcon.colcon_core.package_identification:_identify(src/lomas_ros_pkg) by extension 'python'
[1.307s] DEBUG:colcon.colcon_core.package_identification:Python package in 'src/lomas_ros_pkg' passes arguments to the setup() function which requires a different identification extension than 'python'
[1.307s] Level 1:colcon.colcon_core.package_identification:_identify(src/lomas_ros_pkg) by extensions ['python_setup_py']
[1.307s] Level 1:colcon.colcon_core.package_identification:_identify(src/lomas_ros_pkg) by extension 'python_setup_py'
[2.462s] DEBUG:colcon.colcon_core.package_identification:Package 'src/lomas_ros_pkg' with type 'python' and name 'lomas_ros_pkg'
[2.462s] Level 1:colcon.colcon_core.package_identification:_identify(src/msgfolder) by extensions ['ignore', 'ignore_ament_install']
[2.463s] Level 1:colcon.colcon_core.package_identification:_identify(src/msgfolder) by extension 'ignore'
[2.463s] Level 1:colcon.colcon_core.package_identification:_identify(src/msgfolder) by extension 'ignore_ament_install'
[2.463s] Level 1:colcon.colcon_core.package_identification:_identify(src/msgfolder) by extensions ['colcon_pkg']
[2.463s] Level 1:colcon.colcon_core.package_identification:_identify(src/msgfolder) by extension 'colcon_pkg'
[2.463s] Level 1:colcon.colcon_core.package_identification:_identify(src/msgfolder) by extensions ['colcon_meta']
[2.463s] Level 1:colcon.colcon_core.package_identification:_identify(src/msgfolder) by extension 'colcon_meta'
[2.464s] Level 1:colcon.colcon_core.package_identification:_identify(src/msgfolder) by extensions ['ros']
[2.464s] Level 1:colcon.colcon_core.package_identification:_identify(src/msgfolder) by extension 'ros'
[2.468s] DEBUG:colcon.colcon_core.package_identification:Package 'src/msgfolder' with type 'ros.ament_cmake' and name 'msgfolder'
[2.469s] Level 1:colcon.colcon_core.package_discovery:discover_packages(recursive) using defaults
[2.469s] Level 1:colcon.colcon_core.package_discovery:discover_packages(ignore) discover
[2.469s] Level 1:colcon.colcon_core.package_discovery:discover_packages(ignore) using defaults
[2.469s] Level 1:colcon.colcon_core.package_discovery:discover_packages(path) discover
[2.469s] Level 1:colcon.colcon_core.package_discovery:discover_packages(path) using defaults
[2.586s] Level 1:colcon.colcon_core.package_discovery:discover_packages(prefix_path) check parameters
[2.586s] Level 1:colcon.colcon_core.package_discovery:discover_packages(prefix_path) discover
[2.590s] WARNING:colcon.colcon_ros.prefix_path.ament:The path '/home/pi/test_ws/install/msgfolder' in the environment variable AMENT_PREFIX_PATH doesn't exist
[2.591s] WARNING:colcon.colcon_ros.prefix_path.catkin:The path '/home/pi/test_ws/install/msgfolder' in the environment variable CMAKE_PREFIX_PATH doesn't exist
[2.593s] DEBUG:colcon.colcon_installed_package_information.package_discovery:Found 0 installed packages in /home/pi/test_ws/install
[2.602s] DEBUG:colcon.colcon_installed_package_information.package_discovery:Found 270 installed packages in /opt/ros/humble
[2.608s] Level 1:colcon.colcon_core.package_discovery:discover_packages(prefix_path) using defaults
[2.762s] Level 5:colcon.colcon_core.verb:set package 'lomas_ros_pkg' build argument 'cmake_args' from command line to 'None'
[2.762s] Level 5:colcon.colcon_core.verb:set package 'lomas_ros_pkg' build argument 'cmake_target' from command line to 'None'
[2.762s] Level 5:colcon.colcon_core.verb:set package 'lomas_ros_pkg' build argument 'cmake_target_skip_unavailable' from command line to 'False'
[2.763s] Level 5:colcon.colcon_core.verb:set package 'lomas_ros_pkg' build argument 'cmake_clean_cache' from command line to 'False'
[2.763s] Level 5:colcon.colcon_core.verb:set package 'lomas_ros_pkg' build argument 'cmake_clean_first' from command line to 'False'
[2.763s] Level 5:colcon.colcon_core.verb:set package 'lomas_ros_pkg' build argument 'cmake_force_configure' from command line to 'False'
[2.763s] Level 5:colcon.colcon_core.verb:set package 'lomas_ros_pkg' build argument 'ament_cmake_args' from command line to 'None'
[2.763s] Level 5:colcon.colcon_core.verb:set package 'lomas_ros_pkg' build argument 'catkin_cmake_args' from command line to 'None'
[2.763s] Level 5:colcon.colcon_core.verb:set package 'lomas_ros_pkg' build argument 'catkin_skip_building_tests' from command line to 'False'
[2.763s] DEBUG:colcon.colcon_core.verb:Building package 'lomas_ros_pkg' with the following arguments: {'ament_cmake_args': None, 'build_base': '/home/pi/test_ws/build/lomas_ros_pkg', 'catkin_cmake_args': None, 'catkin_skip_building_tests': False, 'cmake_args': None, 'cmake_clean_cache': False, 'cmake_clean_first': False, 'cmake_force_configure': False, 'cmake_target': None, 'cmake_target_skip_unavailable': False, 'install_base': '/home/pi/test_ws/install/lomas_ros_pkg', 'merge_install': False, 'path': '/home/pi/test_ws/src/lomas_ros_pkg', 'symlink_install': False, 'test_result_base': None}
[2.765s] Level 5:colcon.colcon_core.verb:set package 'msgfolder' build argument 'cmake_args' from command line to 'None'
[2.765s] Level 5:colcon.colcon_core.verb:set package 'msgfolder' build argument 'cmake_target' from command line to 'None'
[2.765s] Level 5:colcon.colcon_core.verb:set package 'msgfolder' build argument 'cmake_target_skip_unavailable' from command line to 'False'
[2.765s] Level 5:colcon.colcon_core.verb:set package 'msgfolder' build argument 'cmake_clean_cache' from command line to 'False'
[2.765s] Level 5:colcon.colcon_core.verb:set package 'msgfolder' build argument 'cmake_clean_first' from command line to 'False'
[2.765s] Level 5:colcon.colcon_core.verb:set package 'msgfolder' build argument 'cmake_force_configure' from command line to 'False'
[2.765s] Level 5:colcon.colcon_core.verb:set package 'msgfolder' build argument 'ament_cmake_args' from command line to 'None'
[2.766s] Level 5:colcon.colcon_core.verb:set package 'msgfolder' build argument 'catkin_cmake_args' from command line to 'None'
[2.766s] Level 5:colcon.colcon_core.verb:set package 'msgfolder' build argument 'catkin_skip_building_tests' from command line to 'False'
[2.766s] DEBUG:colcon.colcon_core.verb:Building package 'msgfolder' with the following arguments: {'ament_cmake_args': None, 'build_base': '/home/pi/test_ws/build/msgfolder', 'catkin_cmake_args': None, 'catkin_skip_building_tests': False, 'cmake_args': None, 'cmake_clean_cache': False, 'cmake_clean_first': False, 'cmake_force_configure': False, 'cmake_target': None, 'cmake_target_skip_unavailable': False, 'install_base': '/home/pi/test_ws/install/msgfolder', 'merge_install': False, 'path': '/home/pi/test_ws/src/msgfolder', 'symlink_install': False, 'test_result_base': None}
[2.766s] INFO:colcon.colcon_core.executor:Executing jobs using 'parallel' executor
[2.769s] DEBUG:colcon.colcon_parallel_executor.executor.parallel:run_until_complete
[2.770s] INFO:colcon.colcon_core.task.python.build:Building Python package in '/home/pi/test_ws/src/lomas_ros_pkg'
[2.779s] INFO:colcon.colcon_core.plugin_system:Skipping extension 'colcon_core.shell.bat': Not used on non-Windows systems
[2.780s] INFO:colcon.colcon_core.shell:Skip shell extension 'powershell' for command environment: Not usable outside of PowerShell
[2.780s] DEBUG:colcon.colcon_core.shell:Skip shell extension 'dsv' for command environment
[2.797s] INFO:colcon.colcon_ros.task.ament_cmake.build:Building ROS package in '/home/pi/test_ws/src/msgfolder' with build type 'ament_cmake'
[2.797s] INFO:colcon.colcon_cmake.task.cmake.build:Building CMake package in '/home/pi/test_ws/src/msgfolder'
[2.799s] INFO:colcon.colcon_core.shell:Skip shell extension 'powershell' for command environment: Not usable outside of PowerShell
[2.799s] DEBUG:colcon.colcon_core.shell:Skip shell extension 'dsv' for command environment
[4.003s] DEBUG:colcon.colcon_core.event_handler.log_command:Invoking command in '/home/pi/test_ws/build/msgfolder': CMAKE_PREFIX_PATH=${CMAKE_PREFIX_PATH}:/opt/ros/humble /usr/bin/cmake /home/pi/test_ws/src/msgfolder -DCMAKE_INSTALL_PREFIX=/home/pi/test_ws/install/msgfolder
[5.918s] DEBUG:colcon.colcon_core.event_handler.log_command:Invoking command in '/home/pi/test_ws/src/lomas_ros_pkg': PYTHONPATH=/home/pi/test_ws/build/lomas_ros_pkg/prefix_override:/home/pi/test_ws/install/lomas_ros_pkg/lib/python3.10/site-packages:${PYTHONPATH} /usr/bin/python3 -W ignore:setup.py install is deprecated setup.py egg_info --egg-base ../../build/lomas_ros_pkg build --build-base /home/pi/test_ws/build/lomas_ros_pkg/build install --record /home/pi/test_ws/build/lomas_ros_pkg/install.log --single-version-externally-managed install_data
[7.410s] DEBUG:colcon.colcon_core.event_handler.log_command:Invoked command in '/home/pi/test_ws/src/lomas_ros_pkg' returned '0': PYTHONPATH=/home/pi/test_ws/build/lomas_ros_pkg/prefix_override:/home/pi/test_ws/install/lomas_ros_pkg/lib/python3.10/site-packages:${PYTHONPATH} /usr/bin/python3 -W ignore:setup.py install is deprecated setup.py egg_info --egg-base ../../build/lomas_ros_pkg build --build-base /home/pi/test_ws/build/lomas_ros_pkg/build install --record /home/pi/test_ws/build/lomas_ros_pkg/install.log --single-version-externally-managed install_data
[7.421s] Level 1:colcon.colcon_core.environment:checking '/home/pi/test_ws/install/lomas_ros_pkg' for CMake module files
[7.423s] Level 1:colcon.colcon_core.environment:checking '/home/pi/test_ws/install/lomas_ros_pkg' for CMake config files
[7.427s] Level 1:colcon.colcon_core.environment:checking '/home/pi/test_ws/install/lomas_ros_pkg/lib'
[7.427s] Level 1:colcon.colcon_core.environment:checking '/home/pi/test_ws/install/lomas_ros_pkg/bin'
[7.428s] Level 1:colcon.colcon_core.environment:checking '/home/pi/test_ws/install/lomas_ros_pkg/lib/pkgconfig/lomas_ros_pkg.pc'
[7.429s] Level 1:colcon.colcon_core.environment:checking '/home/pi/test_ws/install/lomas_ros_pkg/lib/python3.10/site-packages'
[7.429s] Level 1:colcon.colcon_core.shell:create_environment_hook('lomas_ros_pkg', 'pythonpath')
[7.430s] INFO:colcon.colcon_core.shell:Creating environment hook '/home/pi/test_ws/install/lomas_ros_pkg/share/lomas_ros_pkg/hook/pythonpath.ps1'
[7.433s] INFO:colcon.colcon_core.shell:Creating environment descriptor '/home/pi/test_ws/install/lomas_ros_pkg/share/lomas_ros_pkg/hook/pythonpath.dsv'
[7.435s] INFO:colcon.colcon_core.shell:Creating environment hook '/home/pi/test_ws/install/lomas_ros_pkg/share/lomas_ros_pkg/hook/pythonpath.sh'
[7.438s] Level 1:colcon.colcon_core.environment:checking '/home/pi/test_ws/install/lomas_ros_pkg/bin'
[7.439s] Level 1:colcon.colcon_core.environment:create_environment_scripts_only(lomas_ros_pkg)
[7.440s] INFO:colcon.colcon_core.shell:Creating package script '/home/pi/test_ws/install/lomas_ros_pkg/share/lomas_ros_pkg/package.ps1'
[7.443s] INFO:colcon.colcon_core.shell:Creating package descriptor '/home/pi/test_ws/install/lomas_ros_pkg/share/lomas_ros_pkg/package.dsv'
[7.446s] INFO:colcon.colcon_core.shell:Creating package script '/home/pi/test_ws/install/lomas_ros_pkg/share/lomas_ros_pkg/package.sh'
[7.449s] INFO:colcon.colcon_core.shell:Creating package script '/home/pi/test_ws/install/lomas_ros_pkg/share/lomas_ros_pkg/package.bash'
[7.452s] INFO:colcon.colcon_core.shell:Creating package script '/home/pi/test_ws/install/lomas_ros_pkg/share/lomas_ros_pkg/package.zsh'
[7.455s] Level 1:colcon.colcon_core.environment:create_file_with_runtime_dependencies(/home/pi/test_ws/install/lomas_ros_pkg/share/colcon-core/packages/lomas_ros_pkg)
[11.941s] DEBUG:colcon.colcon_core.event_handler.log_command:Invoked command in '/home/pi/test_ws/build/msgfolder' returned '0': CMAKE_PREFIX_PATH=${CMAKE_PREFIX_PATH}:/opt/ros/humble /usr/bin/cmake /home/pi/test_ws/src/msgfolder -DCMAKE_INSTALL_PREFIX=/home/pi/test_ws/install/msgfolder
[11.950s] DEBUG:colcon.colcon_core.event_handler.log_command:Invoking command in '/home/pi/test_ws/build/msgfolder': CMAKE_PREFIX_PATH=${CMAKE_PREFIX_PATH}:/opt/ros/humble /usr/bin/cmake --build /home/pi/test_ws/build/msgfolder -- -j4 -l4
[31.980s] DEBUG:colcon.colcon_core.event_handler.log_command:Invoked command in '/home/pi/test_ws/build/msgfolder' returned '0': CMAKE_PREFIX_PATH=${CMAKE_PREFIX_PATH}:/opt/ros/humble /usr/bin/cmake --build /home/pi/test_ws/build/msgfolder -- -j4 -l4
[32.810s] DEBUG:colcon.colcon_core.event_handler.log_command:Invoking command in '/home/pi/test_ws/build/msgfolder': CMAKE_PREFIX_PATH=${CMAKE_PREFIX_PATH}:/opt/ros/humble /usr/bin/cmake --install /home/pi/test_ws/build/msgfolder
[33.226s] Level 1:colcon.colcon_core.environment:create_environment_scripts_only(msgfolder)
[33.227s] Level 1:colcon.colcon_core.environment:checking '/home/pi/test_ws/install/msgfolder' for CMake module files
[33.228s] DEBUG:colcon.colcon_core.event_handler.log_command:Invoked command in '/home/pi/test_ws/build/msgfolder' returned '0': CMAKE_PREFIX_PATH=${CMAKE_PREFIX_PATH}:/opt/ros/humble /usr/bin/cmake --install /home/pi/test_ws/build/msgfolder
[33.231s] Level 1:colcon.colcon_core.environment:checking '/home/pi/test_ws/install/msgfolder' for CMake config files
[33.236s] Level 1:colcon.colcon_core.shell:create_environment_hook('msgfolder', 'cmake_prefix_path')
[33.237s] INFO:colcon.colcon_core.shell:Creating environment hook '/home/pi/test_ws/install/msgfolder/share/msgfolder/hook/cmake_prefix_path.ps1'
[33.238s] INFO:colcon.colcon_core.shell:Creating environment descriptor '/home/pi/test_ws/install/msgfolder/share/msgfolder/hook/cmake_prefix_path.dsv'
[33.240s] INFO:colcon.colcon_core.shell:Creating environment hook '/home/pi/test_ws/install/msgfolder/share/msgfolder/hook/cmake_prefix_path.sh'
[33.242s] Level 1:colcon.colcon_core.environment:checking '/home/pi/test_ws/install/msgfolder/lib'
[33.242s] Level 1:colcon.colcon_core.shell:create_environment_hook('msgfolder', 'ld_library_path_lib')
[33.243s] INFO:colcon.colcon_core.shell:Creating environment hook '/home/pi/test_ws/install/msgfolder/share/msgfolder/hook/ld_library_path_lib.ps1'
[33.245s] INFO:colcon.colcon_core.shell:Creating environment descriptor '/home/pi/test_ws/install/msgfolder/share/msgfolder/hook/ld_library_path_lib.dsv'
[33.246s] INFO:colcon.colcon_core.shell:Creating environment hook '/home/pi/test_ws/install/msgfolder/share/msgfolder/hook/ld_library_path_lib.sh'
[33.247s] Level 1:colcon.colcon_core.environment:checking '/home/pi/test_ws/install/msgfolder/bin'
[33.248s] Level 1:colcon.colcon_core.environment:checking '/home/pi/test_ws/install/msgfolder/lib/pkgconfig/msgfolder.pc'
[33.249s] Level 1:colcon.colcon_core.environment:checking '/home/pi/test_ws/install/msgfolder/lib/python3.10/site-packages'
[33.249s] Level 1:colcon.colcon_core.environment:checking '/home/pi/test_ws/install/msgfolder/bin'
[33.251s] INFO:colcon.colcon_core.shell:Creating package script '/home/pi/test_ws/install/msgfolder/share/msgfolder/package.ps1'
[33.253s] INFO:colcon.colcon_core.shell:Creating package descriptor '/home/pi/test_ws/install/msgfolder/share/msgfolder/package.dsv'
[33.254s] INFO:colcon.colcon_core.shell:Creating package script '/home/pi/test_ws/install/msgfolder/share/msgfolder/package.sh'
[33.256s] INFO:colcon.colcon_core.shell:Creating package script '/home/pi/test_ws/install/msgfolder/share/msgfolder/package.bash'
[33.258s] INFO:colcon.colcon_core.shell:Creating package script '/home/pi/test_ws/install/msgfolder/share/msgfolder/package.zsh'
[33.259s] Level 1:colcon.colcon_core.environment:create_file_with_runtime_dependencies(/home/pi/test_ws/install/msgfolder/share/colcon-core/packages/msgfolder)
[34.050s] Level 1:colcon.colcon_core.environment:create_environment_scripts_only(msgfolder)
[34.052s] Level 1:colcon.colcon_core.environment:checking '/home/pi/test_ws/install/msgfolder' for CMake module files
[34.057s] Level 1:colcon.colcon_core.environment:checking '/home/pi/test_ws/install/msgfolder' for CMake config files
[34.063s] Level 1:colcon.colcon_core.shell:create_environment_hook('msgfolder', 'cmake_prefix_path')
[34.064s] INFO:colcon.colcon_core.shell:Creating environment hook '/home/pi/test_ws/install/msgfolder/share/msgfolder/hook/cmake_prefix_path.ps1'
[34.066s] INFO:colcon.colcon_core.shell:Creating environment descriptor '/home/pi/test_ws/install/msgfolder/share/msgfolder/hook/cmake_prefix_path.dsv'
[34.068s] INFO:colcon.colcon_core.shell:Creating environment hook '/home/pi/test_ws/install/msgfolder/share/msgfolder/hook/cmake_prefix_path.sh'
[34.071s] Level 1:colcon.colcon_core.environment:checking '/home/pi/test_ws/install/msgfolder/lib'
[34.071s] Level 1:colcon.colcon_core.shell:create_environment_hook('msgfolder', 'ld_library_path_lib')
[34.072s] INFO:colcon.colcon_core.shell:Creating environment hook '/home/pi/test_ws/install/msgfolder/share/msgfolder/hook/ld_library_path_lib.ps1'
[34.074s] INFO:colcon.colcon_core.shell:Creating environment descriptor '/home/pi/test_ws/install/msgfolder/share/msgfolder/hook/ld_library_path_lib.dsv'
[34.075s] INFO:colcon.colcon_core.shell:Creating environment hook '/home/pi/test_ws/install/msgfolder/share/msgfolder/hook/ld_library_path_lib.sh'
[34.077s] Level 1:colcon.colcon_core.environment:checking '/home/pi/test_ws/install/msgfolder/bin'
[34.078s] Level 1:colcon.colcon_core.environment:checking '/home/pi/test_ws/install/msgfolder/lib/pkgconfig/msgfolder.pc'
[34.078s] Level 1:colcon.colcon_core.environment:checking '/home/pi/test_ws/install/msgfolder/lib/python3.10/site-packages'
[34.079s] Level 1:colcon.colcon_core.environment:checking '/home/pi/test_ws/install/msgfolder/bin'
[34.081s] INFO:colcon.colcon_core.shell:Creating package script '/home/pi/test_ws/install/msgfolder/share/msgfolder/package.ps1'
[34.083s] INFO:colcon.colcon_core.shell:Creating package descriptor '/home/pi/test_ws/install/msgfolder/share/msgfolder/package.dsv'
[34.085s] INFO:colcon.colcon_core.shell:Creating package script '/home/pi/test_ws/install/msgfolder/share/msgfolder/package.sh'
[34.087s] INFO:colcon.colcon_core.shell:Creating package script '/home/pi/test_ws/install/msgfolder/share/msgfolder/package.bash'
[34.089s] INFO:colcon.colcon_core.shell:Creating package script '/home/pi/test_ws/install/msgfolder/share/msgfolder/package.zsh'
[34.091s] Level 1:colcon.colcon_core.environment:create_file_with_runtime_dependencies(/home/pi/test_ws/install/msgfolder/share/colcon-core/packages/msgfolder)
[34.092s] DEBUG:colcon.colcon_parallel_executor.executor.parallel:closing loop
[34.093s] DEBUG:colcon.colcon_parallel_executor.executor.parallel:loop closed
[34.094s] DEBUG:colcon.colcon_parallel_executor.executor.parallel:run_until_complete finished with '0'
[34.094s] DEBUG:colcon.colcon_core.event_reactor:joining thread
[34.114s] INFO:colcon.colcon_core.plugin_system:Skipping extension 'colcon_notification.desktop_notification.notify_send': Could not find 'notify-send'
[34.114s] INFO:colcon.colcon_core.plugin_system:Skipping extension 'colcon_notification.desktop_notification.terminal_notifier': Not used on non-Darwin systems
[34.114s] INFO:colcon.colcon_core.plugin_system:Skipping extension 'colcon_notification.desktop_notification.win32': Not used on non-Windows systems
[34.115s] INFO:colcon.colcon_notification.desktop_notification:Sending desktop notification using 'notify2'
[34.118s] DEBUG:colcon.colcon_notification.desktop_notification.notify2:Failed to initialize notify2: org.freedesktop.DBus.Error.ServiceUnknown: The name org.freedesktop.Notifications was not provided by any .service files
[34.118s] DEBUG:colcon.colcon_core.event_reactor:joined thread
[34.119s] INFO:colcon.colcon_core.shell:Creating prefix script '/home/pi/test_ws/install/local_setup.ps1'
[34.123s] INFO:colcon.colcon_core.shell:Creating prefix util module '/home/pi/test_ws/install/_local_setup_util_ps1.py'
[34.128s] INFO:colcon.colcon_core.shell:Creating prefix chain script '/home/pi/test_ws/install/setup.ps1'
[34.132s] INFO:colcon.colcon_core.shell:Creating prefix script '/home/pi/test_ws/install/local_setup.sh'
[34.134s] INFO:colcon.colcon_core.shell:Creating prefix util module '/home/pi/test_ws/install/_local_setup_util_sh.py'
[34.136s] INFO:colcon.colcon_core.shell:Creating prefix chain script '/home/pi/test_ws/install/setup.sh'
[34.140s] INFO:colcon.colcon_core.shell:Creating prefix script '/home/pi/test_ws/install/local_setup.bash'
[34.142s] INFO:colcon.colcon_core.shell:Creating prefix chain script '/home/pi/test_ws/install/setup.bash'
[34.146s] INFO:colcon.colcon_core.shell:Creating prefix script '/home/pi/test_ws/install/local_setup.zsh'
[34.148s] INFO:colcon.colcon_core.shell:Creating prefix chain script '/home/pi/test_ws/install/setup.zsh'
