[1.205s] Invoking command in '/home/pi/test_ws/build/msgfolder': CMAKE_PREFIX_PATH=${CMAKE_PREFIX_PATH}:/opt/ros/humble /usr/bin/cmake /home/pi/test_ws/src/msgfolder -DCMAKE_INSTALL_PREFIX=/home/pi/test_ws/install/msgfolder
[1.457s] -- The C compiler identification is GNU 11.4.0
[1.713s] -- The CXX compiler identification is GNU 11.4.0
[1.740s] -- Detecting C compiler ABI info
[2.043s] -- Detecting C compiler ABI info - done
[2.068s] -- Check for working C compiler: /usr/bin/cc - skipped
[2.069s] -- Detecting C compile features
[2.071s] -- Detecting C compile features - done
[2.083s] -- Detecting CXX compiler ABI info
[2.427s] -- Detecting CXX compiler ABI info - done
[2.452s] -- Check for working CXX compiler: /usr/bin/c++ - skipped
[2.453s] -- Detecting CXX compile features
[2.455s] -- Detecting CXX compile features - done
[2.478s] -- Found ament_cmake: 1.3.8 (/opt/ros/humble/share/ament_cmake/cmake)
[3.333s] -- Found Python3: /usr/bin/python3 (found version "3.10.12") found components: Interpreter 
[3.888s] -- Found std_msgs: 4.2.3 (/opt/ros/humble/share/std_msgs/cmake)
[4.163s] -- Found rosidl_generator_c: 3.1.5 (/opt/ros/humble/share/rosidl_generator_c/cmake)
[4.207s] -- Found rosidl_adapter: 3.1.5 (/opt/ros/humble/share/rosidl_adapter/cmake)
[4.265s] -- Found rosidl_generator_cpp: 3.1.5 (/opt/ros/humble/share/rosidl_generator_cpp/cmake)
[4.347s] -- Using all available rosidl_typesupport_c: rosidl_typesupport_fastrtps_c;rosidl_typesupport_introspection_c
[4.471s] -- Using all available rosidl_typesupport_cpp: rosidl_typesupport_fastrtps_cpp;rosidl_typesupport_introspection_cpp
[4.767s] -- Found rosidl_default_generators: 1.2.0 (/opt/ros/humble/share/rosidl_default_generators/cmake)
[6.040s] -- Found ament_cmake_ros: 0.10.0 (/opt/ros/humble/share/ament_cmake_ros/cmake)
[7.737s] -- Using all available rosidl_typesupport_c: rosidl_typesupport_fastrtps_c;rosidl_typesupport_introspection_c
[8.335s] -- Using all available rosidl_typesupport_cpp: rosidl_typesupport_fastrtps_cpp;rosidl_typesupport_introspection_cpp
[8.442s] -- Found PythonInterp: /usr/bin/python3 (found suitable version "3.10.12", minimum required is "3.6") 
[8.459s] -- Found python_cmake_module: 0.10.0 (/opt/ros/humble/share/python_cmake_module/cmake)
[8.575s] -- Found PythonLibs: /usr/lib/aarch64-linux-gnu/libpython3.10.so (found suitable version "3.10.12", minimum required is "3.5") 
[8.576s] -- Using PYTHON_EXECUTABLE: /usr/bin/python3
[8.576s] -- Using PYTHON_INCLUDE_DIRS: /usr/include/python3.10
[8.577s] -- Using PYTHON_LIBRARIES: /usr/lib/aarch64-linux-gnu/libpython3.10.so
[8.676s] -- Found PythonExtra: .so  
[8.894s] -- Found ament_lint_auto: 0.12.10 (/opt/ros/humble/share/ament_lint_auto/cmake)
[8.932s] -- Configuring done
[9.110s] -- Generating done
[9.122s] -- Build files have been written to: /home/pi/test_ws/build/msgfolder
[9.143s] Invoked command in '/home/pi/test_ws/build/msgfolder' returned '0': CMAKE_PREFIX_PATH=${CMAKE_PREFIX_PATH}:/opt/ros/humble /usr/bin/cmake /home/pi/test_ws/src/msgfolder -DCMAKE_INSTALL_PREFIX=/home/pi/test_ws/install/msgfolder
[9.152s] Invoking command in '/home/pi/test_ws/build/msgfolder': CMAKE_PREFIX_PATH=${CMAKE_PREFIX_PATH}:/opt/ros/humble /usr/bin/cmake --build /home/pi/test_ws/build/msgfolder -- -j4 -l4
[9.318s] [  1%] [34m[1mGenerating C code for ROS interfaces[0m
[9.361s] [  3%] [34m[1mGenerating C++ code for ROS interfaces[0m
[9.394s] [  3%] Built target ament_cmake_python_copy_msgfolder
[10.833s] running egg_info
[10.835s] creating msgfolder.egg-info
[10.836s] writing msgfolder.egg-info/PKG-INFO
[10.837s] writing dependency_links to msgfolder.egg-info/dependency_links.txt
[10.838s] writing top-level names to msgfolder.egg-info/top_level.txt
[10.839s] writing manifest file 'msgfolder.egg-info/SOURCES.txt'
[10.849s] reading manifest file 'msgfolder.egg-info/SOURCES.txt'
[10.852s] writing manifest file 'msgfolder.egg-info/SOURCES.txt'
[10.998s] [  3%] Built target ament_cmake_python_build_msgfolder_egg
[11.421s] [  3%] Built target msgfolder__cpp
[11.493s] [  5%] [34m[1mGenerating C++ type support dispatch for ROS interfaces[0m
[11.501s] [  7%] [34m[1mGenerating C++ type support for eProsima Fast-RTPS[0m
[11.507s] [  9%] [34m[1mGenerating C++ introspection for ROS interfaces[0m
[11.567s] [ 10%] [32mBuilding C object CMakeFiles/msgfolder__rosidl_generator_c.dir/rosidl_generator_c/msgfolder/msg/detail/machine_command__functions.c.o[0m
[11.870s] [ 12%] [32mBuilding C object CMakeFiles/msgfolder__rosidl_generator_c.dir/rosidl_generator_c/msgfolder/msg/detail/machine_status__functions.c.o[0m
[12.149s] [ 14%] [32mBuilding C object CMakeFiles/msgfolder__rosidl_generator_c.dir/rosidl_generator_c/msgfolder/msg/detail/watering_command__functions.c.o[0m
[12.414s] [ 16%] [32mBuilding C object CMakeFiles/msgfolder__rosidl_generator_c.dir/rosidl_generator_c/msgfolder/msg/detail/watering_status__functions.c.o[0m
[12.674s] [ 18%] [32m[1mLinking C shared library libmsgfolder__rosidl_generator_c.so[0m
[12.924s] [ 18%] Built target msgfolder__rosidl_generator_c
[12.994s] [ 20%] [34m[1mGenerating C type support for eProsima Fast-RTPS[0m
[13.254s] [ 21%] [32mBuilding CXX object CMakeFiles/msgfolder__rosidl_typesupport_cpp.dir/rosidl_typesupport_cpp/msgfolder/msg/machine_command__type_support.cpp.o[0m
[13.563s] [ 23%] [32mBuilding CXX object CMakeFiles/msgfolder__rosidl_typesupport_introspection_cpp.dir/rosidl_typesupport_introspection_cpp/msgfolder/msg/detail/machine_command__type_support.cpp.o[0m
[13.698s] [ 25%] [32mBuilding CXX object CMakeFiles/msgfolder__rosidl_typesupport_fastrtps_cpp.dir/rosidl_typesupport_fastrtps_cpp/msgfolder/msg/detail/dds_fastrtps/machine_command__type_support.cpp.o[0m
[14.913s] [ 27%] [32mBuilding CXX object CMakeFiles/msgfolder__rosidl_typesupport_cpp.dir/rosidl_typesupport_cpp/msgfolder/msg/machine_status__type_support.cpp.o[0m
[15.376s] [ 29%] [32mBuilding CXX object CMakeFiles/msgfolder__rosidl_typesupport_fastrtps_c.dir/rosidl_typesupport_fastrtps_c/msgfolder/msg/detail/machine_command__type_support_c.cpp.o[0m
[15.902s] [ 30%] [32mBuilding CXX object CMakeFiles/msgfolder__rosidl_typesupport_introspection_cpp.dir/rosidl_typesupport_introspection_cpp/msgfolder/msg/detail/machine_status__type_support.cpp.o[0m
[16.191s] [ 32%] [32mBuilding CXX object CMakeFiles/msgfolder__rosidl_typesupport_fastrtps_cpp.dir/rosidl_typesupport_fastrtps_cpp/msgfolder/msg/detail/dds_fastrtps/machine_status__type_support.cpp.o[0m
[16.584s] [ 34%] [32mBuilding CXX object CMakeFiles/msgfolder__rosidl_typesupport_cpp.dir/rosidl_typesupport_cpp/msgfolder/msg/watering_command__type_support.cpp.o[0m
[17.442s] [ 36%] [32mBuilding CXX object CMakeFiles/msgfolder__rosidl_typesupport_fastrtps_c.dir/rosidl_typesupport_fastrtps_c/msgfolder/msg/detail/machine_status__type_support_c.cpp.o[0m
[18.250s] [ 38%] [32mBuilding CXX object CMakeFiles/msgfolder__rosidl_typesupport_introspection_cpp.dir/rosidl_typesupport_introspection_cpp/msgfolder/msg/detail/watering_command__type_support.cpp.o[0m
[18.324s] [ 40%] [32mBuilding CXX object CMakeFiles/msgfolder__rosidl_typesupport_cpp.dir/rosidl_typesupport_cpp/msgfolder/msg/watering_status__type_support.cpp.o[0m
[18.713s] [ 41%] [32mBuilding CXX object CMakeFiles/msgfolder__rosidl_typesupport_fastrtps_cpp.dir/rosidl_typesupport_fastrtps_cpp/msgfolder/msg/detail/dds_fastrtps/watering_command__type_support.cpp.o[0m
[19.630s] [ 43%] [32mBuilding CXX object CMakeFiles/msgfolder__rosidl_typesupport_fastrtps_c.dir/rosidl_typesupport_fastrtps_c/msgfolder/msg/detail/watering_command__type_support_c.cpp.o[0m
[19.963s] [ 45%] [32m[1mLinking CXX shared library libmsgfolder__rosidl_typesupport_cpp.so[0m
[20.180s] [ 45%] Built target msgfolder__rosidl_typesupport_cpp
[20.229s] [ 47%] [32mBuilding CXX object CMakeFiles/msgfolder__rosidl_typesupport_fastrtps_c.dir/rosidl_typesupport_fastrtps_c/msgfolder/msg/detail/watering_status__type_support_c.cpp.o[0m
[20.554s] [ 49%] [32mBuilding CXX object CMakeFiles/msgfolder__rosidl_typesupport_introspection_cpp.dir/rosidl_typesupport_introspection_cpp/msgfolder/msg/detail/watering_status__type_support.cpp.o[0m
[21.191s] [ 50%] [32mBuilding CXX object CMakeFiles/msgfolder__rosidl_typesupport_fastrtps_cpp.dir/rosidl_typesupport_fastrtps_cpp/msgfolder/msg/detail/dds_fastrtps/watering_status__type_support.cpp.o[0m
[21.736s] [ 52%] [34m[1mGenerating C introspection for ROS interfaces[0m
[22.388s] [ 54%] [32m[1mLinking CXX shared library libmsgfolder__rosidl_typesupport_fastrtps_c.so[0m
[22.829s] [ 54%] Built target msgfolder__rosidl_typesupport_fastrtps_c
[22.882s] [ 56%] [34m[1mGenerating C type support dispatch for ROS interfaces[0m
[23.089s] [ 58%] [32m[1mLinking CXX shared library libmsgfolder__rosidl_typesupport_introspection_cpp.so[0m
[23.452s] [ 58%] Built target msgfolder__rosidl_typesupport_introspection_cpp
[23.898s] [ 60%] [32mBuilding C object CMakeFiles/msgfolder__rosidl_typesupport_introspection_c.dir/rosidl_typesupport_introspection_c/msgfolder/msg/detail/machine_command__type_support.c.o[0m
[23.900s] [ 61%] [32mBuilding C object CMakeFiles/msgfolder__rosidl_typesupport_introspection_c.dir/rosidl_typesupport_introspection_c/msgfolder/msg/detail/machine_status__type_support.c.o[0m
[23.948s] [ 63%] [32m[1mLinking CXX shared library libmsgfolder__rosidl_typesupport_fastrtps_cpp.so[0m
[24.100s] [ 65%] [32mBuilding C object CMakeFiles/msgfolder__rosidl_typesupport_introspection_c.dir/rosidl_typesupport_introspection_c/msgfolder/msg/detail/watering_command__type_support.c.o[0m
[24.116s] [ 67%] [32mBuilding C object CMakeFiles/msgfolder__rosidl_typesupport_introspection_c.dir/rosidl_typesupport_introspection_c/msgfolder/msg/detail/watering_status__type_support.c.o[0m
[24.335s] [ 69%] [32m[1mLinking C shared library libmsgfolder__rosidl_typesupport_introspection_c.so[0m
[24.346s] [ 69%] Built target msgfolder__rosidl_typesupport_fastrtps_cpp
[24.499s] [ 69%] Built target msgfolder__rosidl_typesupport_introspection_c
[24.537s] [ 70%] [32mBuilding CXX object CMakeFiles/msgfolder__rosidl_typesupport_c.dir/rosidl_typesupport_c/msgfolder/msg/machine_command__type_support.cpp.o[0m
[24.538s] [ 72%] [32mBuilding CXX object CMakeFiles/msgfolder__rosidl_typesupport_c.dir/rosidl_typesupport_c/msgfolder/msg/machine_status__type_support.cpp.o[0m
[24.541s] [ 74%] [32mBuilding CXX object CMakeFiles/msgfolder__rosidl_typesupport_c.dir/rosidl_typesupport_c/msgfolder/msg/watering_command__type_support.cpp.o[0m
[24.547s] [ 76%] [32mBuilding CXX object CMakeFiles/msgfolder__rosidl_typesupport_c.dir/rosidl_typesupport_c/msgfolder/msg/watering_status__type_support.cpp.o[0m
[24.704s] [ 78%] [32m[1mLinking CXX shared library libmsgfolder__rosidl_typesupport_c.so[0m
[24.863s] [ 78%] Built target msgfolder__rosidl_typesupport_c
[24.946s] [ 78%] Built target msgfolder
[25.031s] [ 80%] [34m[1mGenerating Python code for ROS interfaces[0m
[27.371s] [ 80%] Built target msgfolder__py
[27.462s] [ 81%] [32mBuilding C object CMakeFiles/msgfolder__rosidl_generator_py.dir/rosidl_generator_py/msgfolder/msg/_machine_command_s.c.o[0m
[27.464s] [ 83%] [32mBuilding C object CMakeFiles/msgfolder__rosidl_generator_py.dir/rosidl_generator_py/msgfolder/msg/_machine_status_s.c.o[0m
[27.467s] [ 85%] [32mBuilding C object CMakeFiles/msgfolder__rosidl_generator_py.dir/rosidl_generator_py/msgfolder/msg/_watering_command_s.c.o[0m
[27.472s] [ 87%] [32mBuilding C object CMakeFiles/msgfolder__rosidl_generator_py.dir/rosidl_generator_py/msgfolder/msg/_watering_status_s.c.o[0m
[28.025s] [ 89%] [32m[1mLinking C shared library rosidl_generator_py/msgfolder/libmsgfolder__rosidl_generator_py.so[0m
[28.210s] [ 89%] Built target msgfolder__rosidl_generator_py
[28.298s] [ 90%] [32mBuilding C object CMakeFiles/msgfolder__rosidl_typesupport_fastrtps_c__pyext.dir/rosidl_generator_py/msgfolder/_msgfolder_s.ep.rosidl_typesupport_fastrtps_c.c.o[0m
[28.300s] [ 92%] [32mBuilding C object CMakeFiles/msgfolder__rosidl_typesupport_introspection_c__pyext.dir/rosidl_generator_py/msgfolder/_msgfolder_s.ep.rosidl_typesupport_introspection_c.c.o[0m
[28.305s] [ 94%] [32mBuilding C object CMakeFiles/msgfolder__rosidl_typesupport_c__pyext.dir/rosidl_generator_py/msgfolder/_msgfolder_s.ep.rosidl_typesupport_c.c.o[0m
[28.876s] [100%] [32m[1mLinking C shared library rosidl_generator_py/msgfolder/msgfolder_s__rosidl_typesupport_fastrtps_c.cpython-310-aarch64-linux-gnu.so[0m
[28.877s] [100%] [32m[1mLinking C shared library rosidl_generator_py/msgfolder/msgfolder_s__rosidl_typesupport_introspection_c.cpython-310-aarch64-linux-gnu.so[0m
[28.878s] [100%] [32m[1mLinking C shared library rosidl_generator_py/msgfolder/msgfolder_s__rosidl_typesupport_c.cpython-310-aarch64-linux-gnu.so[0m
[29.135s] [100%] Built target msgfolder__rosidl_typesupport_introspection_c__pyext
[29.137s] [100%] Built target msgfolder__rosidl_typesupport_fastrtps_c__pyext
[29.139s] [100%] Built target msgfolder__rosidl_typesupport_c__pyext
[29.182s] Invoked command in '/home/pi/test_ws/build/msgfolder' returned '0': CMAKE_PREFIX_PATH=${CMAKE_PREFIX_PATH}:/opt/ros/humble /usr/bin/cmake --build /home/pi/test_ws/build/msgfolder -- -j4 -l4
[30.011s] Invoking command in '/home/pi/test_ws/build/msgfolder': CMAKE_PREFIX_PATH=${CMAKE_PREFIX_PATH}:/opt/ros/humble /usr/bin/cmake --install /home/pi/test_ws/build/msgfolder
[30.038s] -- Install configuration: ""
[30.039s] -- Installing: /home/pi/test_ws/install/msgfolder/share/ament_index/resource_index/rosidl_interfaces/msgfolder
[30.040s] -- Installing: /home/pi/test_ws/install/msgfolder/include/msgfolder/msgfolder
[30.041s] -- Installing: /home/pi/test_ws/install/msgfolder/include/msgfolder/msgfolder/msg
[30.041s] -- Installing: /home/pi/test_ws/install/msgfolder/include/msgfolder/msgfolder/msg/watering_command.h
[30.042s] -- Installing: /home/pi/test_ws/install/msgfolder/include/msgfolder/msgfolder/msg/detail
[30.043s] -- Installing: /home/pi/test_ws/install/msgfolder/include/msgfolder/msgfolder/msg/detail/watering_status__type_support.h
[30.044s] -- Installing: /home/pi/test_ws/install/msgfolder/include/msgfolder/msgfolder/msg/detail/machine_command__functions.h
[30.045s] -- Installing: /home/pi/test_ws/install/msgfolder/include/msgfolder/msgfolder/msg/detail/machine_status__functions.h
[30.046s] -- Installing: /home/pi/test_ws/install/msgfolder/include/msgfolder/msgfolder/msg/detail/machine_command__type_support.h
[30.047s] -- Installing: /home/pi/test_ws/install/msgfolder/include/msgfolder/msgfolder/msg/detail/watering_command__type_support.h
[30.048s] -- Installing: /home/pi/test_ws/install/msgfolder/include/msgfolder/msgfolder/msg/detail/machine_status__type_support.h
[30.049s] -- Installing: /home/pi/test_ws/install/msgfolder/include/msgfolder/msgfolder/msg/detail/machine_command__functions.c
[30.050s] -- Installing: /home/pi/test_ws/install/msgfolder/include/msgfolder/msgfolder/msg/detail/watering_command__struct.h
[30.051s] -- Installing: /home/pi/test_ws/install/msgfolder/include/msgfolder/msgfolder/msg/detail/watering_status__struct.h
[30.052s] -- Installing: /home/pi/test_ws/install/msgfolder/include/msgfolder/msgfolder/msg/detail/watering_command__functions.h
[30.053s] -- Installing: /home/pi/test_ws/install/msgfolder/include/msgfolder/msgfolder/msg/detail/watering_command__functions.c
[30.054s] -- Installing: /home/pi/test_ws/install/msgfolder/include/msgfolder/msgfolder/msg/detail/machine_command__struct.h
[30.055s] -- Installing: /home/pi/test_ws/install/msgfolder/include/msgfolder/msgfolder/msg/detail/watering_status__functions.h
[30.056s] -- Installing: /home/pi/test_ws/install/msgfolder/include/msgfolder/msgfolder/msg/detail/machine_status__functions.c
[30.057s] -- Installing: /home/pi/test_ws/install/msgfolder/include/msgfolder/msgfolder/msg/detail/watering_status__functions.c
[30.058s] -- Installing: /home/pi/test_ws/install/msgfolder/include/msgfolder/msgfolder/msg/detail/machine_status__struct.h
[30.059s] -- Installing: /home/pi/test_ws/install/msgfolder/include/msgfolder/msgfolder/msg/watering_status.h
[30.060s] -- Installing: /home/pi/test_ws/install/msgfolder/include/msgfolder/msgfolder/msg/rosidl_generator_c__visibility_control.h
[30.061s] -- Installing: /home/pi/test_ws/install/msgfolder/include/msgfolder/msgfolder/msg/machine_command.h
[30.062s] -- Installing: /home/pi/test_ws/install/msgfolder/include/msgfolder/msgfolder/msg/machine_status.h
[30.063s] -- Installing: /home/pi/test_ws/install/msgfolder/share/msgfolder/environment/library_path.sh
[30.064s] -- Installing: /home/pi/test_ws/install/msgfolder/share/msgfolder/environment/library_path.dsv
[30.066s] -- Installing: /home/pi/test_ws/install/msgfolder/lib/libmsgfolder__rosidl_generator_c.so
[30.068s] -- Set runtime path of "/home/pi/test_ws/install/msgfolder/lib/libmsgfolder__rosidl_generator_c.so" to ""
[30.069s] -- Up-to-date: /home/pi/test_ws/install/msgfolder/include/msgfolder/msgfolder
[30.069s] -- Up-to-date: /home/pi/test_ws/install/msgfolder/include/msgfolder/msgfolder/msg
[30.069s] -- Installing: /home/pi/test_ws/install/msgfolder/include/msgfolder/msgfolder/msg/rosidl_typesupport_fastrtps_c__visibility_control.h
[30.070s] -- Up-to-date: /home/pi/test_ws/install/msgfolder/include/msgfolder/msgfolder/msg/detail
[30.070s] -- Installing: /home/pi/test_ws/install/msgfolder/include/msgfolder/msgfolder/msg/detail/machine_status__rosidl_typesupport_fastrtps_c.h
[30.072s] -- Installing: /home/pi/test_ws/install/msgfolder/include/msgfolder/msgfolder/msg/detail/watering_status__rosidl_typesupport_fastrtps_c.h
[30.073s] -- Installing: /home/pi/test_ws/install/msgfolder/include/msgfolder/msgfolder/msg/detail/watering_command__rosidl_typesupport_fastrtps_c.h
[30.074s] -- Installing: /home/pi/test_ws/install/msgfolder/include/msgfolder/msgfolder/msg/detail/machine_command__rosidl_typesupport_fastrtps_c.h
[30.075s] -- Installing: /home/pi/test_ws/install/msgfolder/lib/libmsgfolder__rosidl_typesupport_fastrtps_c.so
[30.078s] -- Set runtime path of "/home/pi/test_ws/install/msgfolder/lib/libmsgfolder__rosidl_typesupport_fastrtps_c.so" to ""
[30.078s] -- Up-to-date: /home/pi/test_ws/install/msgfolder/include/msgfolder/msgfolder
[30.078s] -- Up-to-date: /home/pi/test_ws/install/msgfolder/include/msgfolder/msgfolder/msg
[30.079s] -- Up-to-date: /home/pi/test_ws/install/msgfolder/include/msgfolder/msgfolder/msg/detail
[30.079s] -- Installing: /home/pi/test_ws/install/msgfolder/include/msgfolder/msgfolder/msg/detail/watering_status__builder.hpp
[30.080s] -- Installing: /home/pi/test_ws/install/msgfolder/include/msgfolder/msgfolder/msg/detail/watering_status__traits.hpp
[30.081s] -- Installing: /home/pi/test_ws/install/msgfolder/include/msgfolder/msgfolder/msg/detail/machine_status__struct.hpp
[30.082s] -- Installing: /home/pi/test_ws/install/msgfolder/include/msgfolder/msgfolder/msg/detail/watering_command__builder.hpp
[30.083s] -- Installing: /home/pi/test_ws/install/msgfolder/include/msgfolder/msgfolder/msg/detail/machine_command__struct.hpp
[30.084s] -- Installing: /home/pi/test_ws/install/msgfolder/include/msgfolder/msgfolder/msg/detail/machine_command__traits.hpp
[30.085s] -- Installing: /home/pi/test_ws/install/msgfolder/include/msgfolder/msgfolder/msg/detail/watering_status__struct.hpp
[30.086s] -- Installing: /home/pi/test_ws/install/msgfolder/include/msgfolder/msgfolder/msg/detail/machine_status__builder.hpp
[30.087s] -- Installing: /home/pi/test_ws/install/msgfolder/include/msgfolder/msgfolder/msg/detail/watering_command__struct.hpp
[30.088s] -- Installing: /home/pi/test_ws/install/msgfolder/include/msgfolder/msgfolder/msg/detail/machine_command__builder.hpp
[30.089s] -- Installing: /home/pi/test_ws/install/msgfolder/include/msgfolder/msgfolder/msg/detail/machine_status__traits.hpp
[30.090s] -- Installing: /home/pi/test_ws/install/msgfolder/include/msgfolder/msgfolder/msg/detail/watering_command__traits.hpp
[30.091s] -- Installing: /home/pi/test_ws/install/msgfolder/include/msgfolder/msgfolder/msg/watering_status.hpp
[30.092s] -- Installing: /home/pi/test_ws/install/msgfolder/include/msgfolder/msgfolder/msg/watering_command.hpp
[30.092s] -- Installing: /home/pi/test_ws/install/msgfolder/include/msgfolder/msgfolder/msg/machine_command.hpp
[30.093s] -- Installing: /home/pi/test_ws/install/msgfolder/include/msgfolder/msgfolder/msg/machine_status.hpp
[30.094s] -- Up-to-date: /home/pi/test_ws/install/msgfolder/include/msgfolder/msgfolder
[30.095s] -- Up-to-date: /home/pi/test_ws/install/msgfolder/include/msgfolder/msgfolder/msg
[30.095s] -- Up-to-date: /home/pi/test_ws/install/msgfolder/include/msgfolder/msgfolder/msg/detail
[30.096s] -- Installing: /home/pi/test_ws/install/msgfolder/include/msgfolder/msgfolder/msg/detail/dds_fastrtps
[30.096s] -- Installing: /home/pi/test_ws/install/msgfolder/include/msgfolder/msgfolder/msg/detail/watering_status__rosidl_typesupport_fastrtps_cpp.hpp
[30.097s] -- Installing: /home/pi/test_ws/install/msgfolder/include/msgfolder/msgfolder/msg/detail/watering_command__rosidl_typesupport_fastrtps_cpp.hpp
[30.098s] -- Installing: /home/pi/test_ws/install/msgfolder/include/msgfolder/msgfolder/msg/detail/machine_status__rosidl_typesupport_fastrtps_cpp.hpp
[30.100s] -- Installing: /home/pi/test_ws/install/msgfolder/include/msgfolder/msgfolder/msg/detail/machine_command__rosidl_typesupport_fastrtps_cpp.hpp
[30.101s] -- Installing: /home/pi/test_ws/install/msgfolder/include/msgfolder/msgfolder/msg/rosidl_typesupport_fastrtps_cpp__visibility_control.h
[30.102s] -- Installing: /home/pi/test_ws/install/msgfolder/lib/libmsgfolder__rosidl_typesupport_fastrtps_cpp.so
[30.105s] -- Set runtime path of "/home/pi/test_ws/install/msgfolder/lib/libmsgfolder__rosidl_typesupport_fastrtps_cpp.so" to ""
[30.105s] -- Up-to-date: /home/pi/test_ws/install/msgfolder/include/msgfolder/msgfolder
[30.106s] -- Up-to-date: /home/pi/test_ws/install/msgfolder/include/msgfolder/msgfolder/msg
[30.106s] -- Up-to-date: /home/pi/test_ws/install/msgfolder/include/msgfolder/msgfolder/msg/detail
[30.106s] -- Installing: /home/pi/test_ws/install/msgfolder/include/msgfolder/msgfolder/msg/detail/watering_status__type_support.c
[30.107s] -- Installing: /home/pi/test_ws/install/msgfolder/include/msgfolder/msgfolder/msg/detail/machine_status__rosidl_typesupport_introspection_c.h
[30.109s] -- Installing: /home/pi/test_ws/install/msgfolder/include/msgfolder/msgfolder/msg/detail/machine_command__rosidl_typesupport_introspection_c.h
[30.110s] -- Installing: /home/pi/test_ws/install/msgfolder/include/msgfolder/msgfolder/msg/detail/watering_command__rosidl_typesupport_introspection_c.h
[30.111s] -- Installing: /home/pi/test_ws/install/msgfolder/include/msgfolder/msgfolder/msg/detail/machine_command__type_support.c
[30.112s] -- Installing: /home/pi/test_ws/install/msgfolder/include/msgfolder/msgfolder/msg/detail/watering_command__type_support.c
[30.113s] -- Installing: /home/pi/test_ws/install/msgfolder/include/msgfolder/msgfolder/msg/detail/watering_status__rosidl_typesupport_introspection_c.h
[30.114s] -- Installing: /home/pi/test_ws/install/msgfolder/include/msgfolder/msgfolder/msg/detail/machine_status__type_support.c
[30.115s] -- Installing: /home/pi/test_ws/install/msgfolder/include/msgfolder/msgfolder/msg/rosidl_typesupport_introspection_c__visibility_control.h
[30.116s] -- Installing: /home/pi/test_ws/install/msgfolder/lib/libmsgfolder__rosidl_typesupport_introspection_c.so
[30.119s] -- Set runtime path of "/home/pi/test_ws/install/msgfolder/lib/libmsgfolder__rosidl_typesupport_introspection_c.so" to ""
[30.119s] -- Installing: /home/pi/test_ws/install/msgfolder/lib/libmsgfolder__rosidl_typesupport_c.so
[30.121s] -- Set runtime path of "/home/pi/test_ws/install/msgfolder/lib/libmsgfolder__rosidl_typesupport_c.so" to ""
[30.121s] -- Up-to-date: /home/pi/test_ws/install/msgfolder/include/msgfolder/msgfolder
[30.122s] -- Up-to-date: /home/pi/test_ws/install/msgfolder/include/msgfolder/msgfolder/msg
[30.122s] -- Up-to-date: /home/pi/test_ws/install/msgfolder/include/msgfolder/msgfolder/msg/detail
[30.122s] -- Installing: /home/pi/test_ws/install/msgfolder/include/msgfolder/msgfolder/msg/detail/machine_status__rosidl_typesupport_introspection_cpp.hpp
[30.124s] -- Installing: /home/pi/test_ws/install/msgfolder/include/msgfolder/msgfolder/msg/detail/machine_status__type_support.cpp
[30.125s] -- Installing: /home/pi/test_ws/install/msgfolder/include/msgfolder/msgfolder/msg/detail/watering_status__type_support.cpp
[30.126s] -- Installing: /home/pi/test_ws/install/msgfolder/include/msgfolder/msgfolder/msg/detail/watering_command__type_support.cpp
[30.127s] -- Installing: /home/pi/test_ws/install/msgfolder/include/msgfolder/msgfolder/msg/detail/machine_command__rosidl_typesupport_introspection_cpp.hpp
[30.128s] -- Installing: /home/pi/test_ws/install/msgfolder/include/msgfolder/msgfolder/msg/detail/watering_command__rosidl_typesupport_introspection_cpp.hpp
[30.129s] -- Installing: /home/pi/test_ws/install/msgfolder/include/msgfolder/msgfolder/msg/detail/machine_command__type_support.cpp
[30.130s] -- Installing: /home/pi/test_ws/install/msgfolder/include/msgfolder/msgfolder/msg/detail/watering_status__rosidl_typesupport_introspection_cpp.hpp
[30.132s] -- Installing: /home/pi/test_ws/install/msgfolder/lib/libmsgfolder__rosidl_typesupport_introspection_cpp.so
[30.134s] -- Set runtime path of "/home/pi/test_ws/install/msgfolder/lib/libmsgfolder__rosidl_typesupport_introspection_cpp.so" to ""
[30.135s] -- Installing: /home/pi/test_ws/install/msgfolder/lib/libmsgfolder__rosidl_typesupport_cpp.so
[30.137s] -- Set runtime path of "/home/pi/test_ws/install/msgfolder/lib/libmsgfolder__rosidl_typesupport_cpp.so" to ""
[30.137s] -- Installing: /home/pi/test_ws/install/msgfolder/share/msgfolder/environment/pythonpath.sh
[30.138s] -- Installing: /home/pi/test_ws/install/msgfolder/share/msgfolder/environment/pythonpath.dsv
[30.139s] -- Installing: /home/pi/test_ws/install/msgfolder/local/lib/python3.10/dist-packages/msgfolder-0.0.1-py3.10.egg-info
[30.140s] -- Installing: /home/pi/test_ws/install/msgfolder/local/lib/python3.10/dist-packages/msgfolder-0.0.1-py3.10.egg-info/dependency_links.txt
[30.141s] -- Installing: /home/pi/test_ws/install/msgfolder/local/lib/python3.10/dist-packages/msgfolder-0.0.1-py3.10.egg-info/top_level.txt
[30.142s] -- Installing: /home/pi/test_ws/install/msgfolder/local/lib/python3.10/dist-packages/msgfolder-0.0.1-py3.10.egg-info/SOURCES.txt
[30.143s] -- Installing: /home/pi/test_ws/install/msgfolder/local/lib/python3.10/dist-packages/msgfolder-0.0.1-py3.10.egg-info/PKG-INFO
[30.144s] -- Installing: /home/pi/test_ws/install/msgfolder/local/lib/python3.10/dist-packages/msgfolder
[30.145s] -- Installing: /home/pi/test_ws/install/msgfolder/local/lib/python3.10/dist-packages/msgfolder/msg
[30.145s] -- Installing: /home/pi/test_ws/install/msgfolder/local/lib/python3.10/dist-packages/msgfolder/msg/_watering_status.py
[30.146s] -- Installing: /home/pi/test_ws/install/msgfolder/local/lib/python3.10/dist-packages/msgfolder/msg/_watering_command.py
[30.148s] -- Installing: /home/pi/test_ws/install/msgfolder/local/lib/python3.10/dist-packages/msgfolder/msg/_machine_command_s.c
[30.148s] -- Installing: /home/pi/test_ws/install/msgfolder/local/lib/python3.10/dist-packages/msgfolder/msg/_watering_command_s.c
[30.149s] -- Installing: /home/pi/test_ws/install/msgfolder/local/lib/python3.10/dist-packages/msgfolder/msg/_machine_status.py
[30.150s] -- Installing: /home/pi/test_ws/install/msgfolder/local/lib/python3.10/dist-packages/msgfolder/msg/_machine_status_s.c
[30.151s] -- Installing: /home/pi/test_ws/install/msgfolder/local/lib/python3.10/dist-packages/msgfolder/msg/__init__.py
[30.152s] -- Installing: /home/pi/test_ws/install/msgfolder/local/lib/python3.10/dist-packages/msgfolder/msg/_machine_command.py
[30.153s] -- Installing: /home/pi/test_ws/install/msgfolder/local/lib/python3.10/dist-packages/msgfolder/msg/_watering_status_s.c
[30.154s] -- Installing: /home/pi/test_ws/install/msgfolder/local/lib/python3.10/dist-packages/msgfolder/_msgfolder_s.ep.rosidl_typesupport_c.c
[30.156s] -- Installing: /home/pi/test_ws/install/msgfolder/local/lib/python3.10/dist-packages/msgfolder/msgfolder_s__rosidl_typesupport_c.cpython-310-aarch64-linux-gnu.so
[30.157s] -- Installing: /home/pi/test_ws/install/msgfolder/local/lib/python3.10/dist-packages/msgfolder/__init__.py
[30.158s] -- Installing: /home/pi/test_ws/install/msgfolder/local/lib/python3.10/dist-packages/msgfolder/_msgfolder_s.ep.rosidl_typesupport_introspection_c.c
[30.159s] -- Installing: /home/pi/test_ws/install/msgfolder/local/lib/python3.10/dist-packages/msgfolder/libmsgfolder__rosidl_generator_py.so
[30.160s] -- Installing: /home/pi/test_ws/install/msgfolder/local/lib/python3.10/dist-packages/msgfolder/_msgfolder_s.ep.rosidl_typesupport_fastrtps_c.c
[30.161s] -- Installing: /home/pi/test_ws/install/msgfolder/local/lib/python3.10/dist-packages/msgfolder/msgfolder_s__rosidl_typesupport_fastrtps_c.cpython-310-aarch64-linux-gnu.so
[30.163s] -- Installing: /home/pi/test_ws/install/msgfolder/local/lib/python3.10/dist-packages/msgfolder/msgfolder_s__rosidl_typesupport_introspection_c.cpython-310-aarch64-linux-gnu.so
[30.329s] Listing '/home/pi/test_ws/install/msgfolder/local/lib/python3.10/dist-packages/msgfolder'...
[30.330s] Compiling '/home/pi/test_ws/install/msgfolder/local/lib/python3.10/dist-packages/msgfolder/__init__.py'...
[30.331s] Listing '/home/pi/test_ws/install/msgfolder/local/lib/python3.10/dist-packages/msgfolder/msg'...
[30.332s] Compiling '/home/pi/test_ws/install/msgfolder/local/lib/python3.10/dist-packages/msgfolder/msg/__init__.py'...
[30.333s] Compiling '/home/pi/test_ws/install/msgfolder/local/lib/python3.10/dist-packages/msgfolder/msg/_machine_command.py'...
[30.334s] Compiling '/home/pi/test_ws/install/msgfolder/local/lib/python3.10/dist-packages/msgfolder/msg/_machine_status.py'...
[30.334s] Compiling '/home/pi/test_ws/install/msgfolder/local/lib/python3.10/dist-packages/msgfolder/msg/_watering_command.py'...
[30.336s] Compiling '/home/pi/test_ws/install/msgfolder/local/lib/python3.10/dist-packages/msgfolder/msg/_watering_status.py'...
[30.354s] -- Installing: /home/pi/test_ws/install/msgfolder/local/lib/python3.10/dist-packages/msgfolder/msgfolder_s__rosidl_typesupport_fastrtps_c.cpython-310-aarch64-linux-gnu.so
[30.356s] -- Set runtime path of "/home/pi/test_ws/install/msgfolder/local/lib/python3.10/dist-packages/msgfolder/msgfolder_s__rosidl_typesupport_fastrtps_c.cpython-310-aarch64-linux-gnu.so" to ""
[30.358s] -- Installing: /home/pi/test_ws/install/msgfolder/local/lib/python3.10/dist-packages/msgfolder/msgfolder_s__rosidl_typesupport_introspection_c.cpython-310-aarch64-linux-gnu.so
[30.360s] -- Set runtime path of "/home/pi/test_ws/install/msgfolder/local/lib/python3.10/dist-packages/msgfolder/msgfolder_s__rosidl_typesupport_introspection_c.cpython-310-aarch64-linux-gnu.so" to ""
[30.362s] -- Installing: /home/pi/test_ws/install/msgfolder/local/lib/python3.10/dist-packages/msgfolder/msgfolder_s__rosidl_typesupport_c.cpython-310-aarch64-linux-gnu.so
[30.364s] -- Set runtime path of "/home/pi/test_ws/install/msgfolder/local/lib/python3.10/dist-packages/msgfolder/msgfolder_s__rosidl_typesupport_c.cpython-310-aarch64-linux-gnu.so" to ""
[30.365s] -- Installing: /home/pi/test_ws/install/msgfolder/lib/libmsgfolder__rosidl_generator_py.so
[30.367s] -- Set runtime path of "/home/pi/test_ws/install/msgfolder/lib/libmsgfolder__rosidl_generator_py.so" to ""
[30.368s] -- Installing: /home/pi/test_ws/install/msgfolder/share/msgfolder/msg/MachineCommand.idl
[30.369s] -- Installing: /home/pi/test_ws/install/msgfolder/share/msgfolder/msg/MachineStatus.idl
[30.370s] -- Installing: /home/pi/test_ws/install/msgfolder/share/msgfolder/msg/WateringCommand.idl
[30.371s] -- Installing: /home/pi/test_ws/install/msgfolder/share/msgfolder/msg/WateringStatus.idl
[30.372s] -- Installing: /home/pi/test_ws/install/msgfolder/share/msgfolder/msg/MachineCommand.msg
[30.373s] -- Installing: /home/pi/test_ws/install/msgfolder/share/msgfolder/msg/MachineStatus.msg
[30.374s] -- Installing: /home/pi/test_ws/install/msgfolder/share/msgfolder/msg/WateringCommand.msg
[30.375s] -- Installing: /home/pi/test_ws/install/msgfolder/share/msgfolder/msg/WateringStatus.msg
[30.376s] -- Installing: /home/pi/test_ws/install/msgfolder/share/ament_index/resource_index/package_run_dependencies/msgfolder
[30.378s] -- Installing: /home/pi/test_ws/install/msgfolder/share/ament_index/resource_index/parent_prefix_path/msgfolder
[30.379s] -- Installing: /home/pi/test_ws/install/msgfolder/share/msgfolder/environment/ament_prefix_path.sh
[30.380s] -- Installing: /home/pi/test_ws/install/msgfolder/share/msgfolder/environment/ament_prefix_path.dsv
[30.381s] -- Installing: /home/pi/test_ws/install/msgfolder/share/msgfolder/environment/path.sh
[30.382s] -- Installing: /home/pi/test_ws/install/msgfolder/share/msgfolder/environment/path.dsv
[30.383s] -- Installing: /home/pi/test_ws/install/msgfolder/share/msgfolder/local_setup.bash
[30.384s] -- Installing: /home/pi/test_ws/install/msgfolder/share/msgfolder/local_setup.sh
[30.385s] -- Installing: /home/pi/test_ws/install/msgfolder/share/msgfolder/local_setup.zsh
[30.386s] -- Installing: /home/pi/test_ws/install/msgfolder/share/msgfolder/local_setup.dsv
[30.387s] -- Installing: /home/pi/test_ws/install/msgfolder/share/msgfolder/package.dsv
[30.388s] -- Installing: /home/pi/test_ws/install/msgfolder/share/ament_index/resource_index/packages/msgfolder
[30.390s] -- Installing: /home/pi/test_ws/install/msgfolder/share/msgfolder/cmake/export_msgfolder__rosidl_generator_cExport.cmake
[30.391s] -- Installing: /home/pi/test_ws/install/msgfolder/share/msgfolder/cmake/export_msgfolder__rosidl_generator_cExport-noconfig.cmake
[30.392s] -- Installing: /home/pi/test_ws/install/msgfolder/share/msgfolder/cmake/export_msgfolder__rosidl_typesupport_fastrtps_cExport.cmake
[30.393s] -- Installing: /home/pi/test_ws/install/msgfolder/share/msgfolder/cmake/export_msgfolder__rosidl_typesupport_fastrtps_cExport-noconfig.cmake
[30.395s] -- Installing: /home/pi/test_ws/install/msgfolder/share/msgfolder/cmake/export_msgfolder__rosidl_generator_cppExport.cmake
[30.396s] -- Installing: /home/pi/test_ws/install/msgfolder/share/msgfolder/cmake/export_msgfolder__rosidl_typesupport_fastrtps_cppExport.cmake
[30.397s] -- Installing: /home/pi/test_ws/install/msgfolder/share/msgfolder/cmake/export_msgfolder__rosidl_typesupport_fastrtps_cppExport-noconfig.cmake
[30.398s] -- Installing: /home/pi/test_ws/install/msgfolder/share/msgfolder/cmake/msgfolder__rosidl_typesupport_introspection_cExport.cmake
[30.400s] -- Installing: /home/pi/test_ws/install/msgfolder/share/msgfolder/cmake/msgfolder__rosidl_typesupport_introspection_cExport-noconfig.cmake
[30.401s] -- Installing: /home/pi/test_ws/install/msgfolder/share/msgfolder/cmake/msgfolder__rosidl_typesupport_cExport.cmake
[30.402s] -- Installing: /home/pi/test_ws/install/msgfolder/share/msgfolder/cmake/msgfolder__rosidl_typesupport_cExport-noconfig.cmake
[30.404s] -- Installing: /home/pi/test_ws/install/msgfolder/share/msgfolder/cmake/msgfolder__rosidl_typesupport_introspection_cppExport.cmake
[30.405s] -- Installing: /home/pi/test_ws/install/msgfolder/share/msgfolder/cmake/msgfolder__rosidl_typesupport_introspection_cppExport-noconfig.cmake
[30.407s] -- Installing: /home/pi/test_ws/install/msgfolder/share/msgfolder/cmake/msgfolder__rosidl_typesupport_cppExport.cmake
[30.408s] -- Installing: /home/pi/test_ws/install/msgfolder/share/msgfolder/cmake/msgfolder__rosidl_typesupport_cppExport-noconfig.cmake
[30.409s] -- Installing: /home/pi/test_ws/install/msgfolder/share/msgfolder/cmake/export_msgfolder__rosidl_generator_pyExport.cmake
[30.410s] -- Installing: /home/pi/test_ws/install/msgfolder/share/msgfolder/cmake/export_msgfolder__rosidl_generator_pyExport-noconfig.cmake
[30.412s] -- Installing: /home/pi/test_ws/install/msgfolder/share/msgfolder/cmake/rosidl_cmake-extras.cmake
[30.413s] -- Installing: /home/pi/test_ws/install/msgfolder/share/msgfolder/cmake/ament_cmake_export_dependencies-extras.cmake
[30.414s] -- Installing: /home/pi/test_ws/install/msgfolder/share/msgfolder/cmake/ament_cmake_export_include_directories-extras.cmake
[30.415s] -- Installing: /home/pi/test_ws/install/msgfolder/share/msgfolder/cmake/ament_cmake_export_libraries-extras.cmake
[30.416s] -- Installing: /home/pi/test_ws/install/msgfolder/share/msgfolder/cmake/ament_cmake_export_targets-extras.cmake
[30.417s] -- Installing: /home/pi/test_ws/install/msgfolder/share/msgfolder/cmake/rosidl_cmake_export_typesupport_targets-extras.cmake
[30.419s] -- Installing: /home/pi/test_ws/install/msgfolder/share/msgfolder/cmake/rosidl_cmake_export_typesupport_libraries-extras.cmake
[30.420s] -- Installing: /home/pi/test_ws/install/msgfolder/share/msgfolder/cmake/msgfolderConfig.cmake
[30.421s] -- Installing: /home/pi/test_ws/install/msgfolder/share/msgfolder/cmake/msgfolderConfig-version.cmake
[30.422s] -- Installing: /home/pi/test_ws/install/msgfolder/share/msgfolder/package.xml
[30.430s] Invoked command in '/home/pi/test_ws/build/msgfolder' returned '0': CMAKE_PREFIX_PATH=${CMAKE_PREFIX_PATH}:/opt/ros/humble /usr/bin/cmake --install /home/pi/test_ws/build/msgfolder
