[3.146s] Invoking command in '/home/pi/test_ws/src/lomas_ros_pkg': PYTHONPATH=/home/pi/test_ws/build/lomas_ros_pkg/prefix_override:/home/pi/test_ws/install/lomas_ros_pkg/lib/python3.10/site-packages:${PYTHONPATH} /usr/bin/python3 -W ignore:setup.py install is deprecated setup.py egg_info --egg-base ../../build/lomas_ros_pkg build --build-base /home/pi/test_ws/build/lomas_ros_pkg/build install --record /home/pi/test_ws/build/lomas_ros_pkg/install.log --single-version-externally-managed install_data
[4.362s] running egg_info
[4.365s] creating ../../build/lomas_ros_pkg/lomas_ros_pkg.egg-info
[4.365s] writing ../../build/lomas_ros_pkg/lomas_ros_pkg.egg-info/PKG-INFO
[4.366s] writing dependency_links to ../../build/lomas_ros_pkg/lomas_ros_pkg.egg-info/dependency_links.txt
[4.367s] writing entry points to ../../build/lomas_ros_pkg/lomas_ros_pkg.egg-info/entry_points.txt
[4.368s] writing requirements to ../../build/lomas_ros_pkg/lomas_ros_pkg.egg-info/requires.txt
[4.368s] writing top-level names to ../../build/lomas_ros_pkg/lomas_ros_pkg.egg-info/top_level.txt
[4.369s] writing manifest file '../../build/lomas_ros_pkg/lomas_ros_pkg.egg-info/SOURCES.txt'
[4.376s] reading manifest file '../../build/lomas_ros_pkg/lomas_ros_pkg.egg-info/SOURCES.txt'
[4.380s] writing manifest file '../../build/lomas_ros_pkg/lomas_ros_pkg.egg-info/SOURCES.txt'
[4.380s] running build
[4.381s] running build_py
[4.381s] creating /home/pi/test_ws/build/lomas_ros_pkg/build
[4.382s] creating /home/pi/test_ws/build/lomas_ros_pkg/build/lib
[4.382s] creating /home/pi/test_ws/build/lomas_ros_pkg/build/lib/lomas_ros_pkg
[4.382s] copying lomas_ros_pkg/watering_node_2.py -> /home/pi/test_ws/build/lomas_ros_pkg/build/lib/lomas_ros_pkg
[4.383s] copying lomas_ros_pkg/__init__.py -> /home/pi/test_ws/build/lomas_ros_pkg/build/lib/lomas_ros_pkg
[4.383s] copying lomas_ros_pkg/machine_node_2.py -> /home/pi/test_ws/build/lomas_ros_pkg/build/lib/lomas_ros_pkg
[4.384s] copying lomas_ros_pkg/seq_generation_node.py -> /home/pi/test_ws/build/lomas_ros_pkg/build/lib/lomas_ros_pkg
[4.385s] copying lomas_ros_pkg/gcodesender_test.py -> /home/pi/test_ws/build/lomas_ros_pkg/build/lib/lomas_ros_pkg
[4.386s] running install
[4.387s] running install_lib
[4.391s] creating /home/pi/test_ws/install/lomas_ros_pkg/lib/python3.10/site-packages/lomas_ros_pkg
[4.391s] copying /home/pi/test_ws/build/lomas_ros_pkg/build/lib/lomas_ros_pkg/watering_node_2.py -> /home/pi/test_ws/install/lomas_ros_pkg/lib/python3.10/site-packages/lomas_ros_pkg
[4.392s] copying /home/pi/test_ws/build/lomas_ros_pkg/build/lib/lomas_ros_pkg/__init__.py -> /home/pi/test_ws/install/lomas_ros_pkg/lib/python3.10/site-packages/lomas_ros_pkg
[4.393s] copying /home/pi/test_ws/build/lomas_ros_pkg/build/lib/lomas_ros_pkg/machine_node_2.py -> /home/pi/test_ws/install/lomas_ros_pkg/lib/python3.10/site-packages/lomas_ros_pkg
[4.394s] copying /home/pi/test_ws/build/lomas_ros_pkg/build/lib/lomas_ros_pkg/seq_generation_node.py -> /home/pi/test_ws/install/lomas_ros_pkg/lib/python3.10/site-packages/lomas_ros_pkg
[4.395s] copying /home/pi/test_ws/build/lomas_ros_pkg/build/lib/lomas_ros_pkg/gcodesender_test.py -> /home/pi/test_ws/install/lomas_ros_pkg/lib/python3.10/site-packages/lomas_ros_pkg
[4.397s] byte-compiling /home/pi/test_ws/install/lomas_ros_pkg/lib/python3.10/site-packages/lomas_ros_pkg/watering_node_2.py to watering_node_2.cpython-310.pyc
[4.402s] byte-compiling /home/pi/test_ws/install/lomas_ros_pkg/lib/python3.10/site-packages/lomas_ros_pkg/__init__.py to __init__.cpython-310.pyc
[4.403s] byte-compiling /home/pi/test_ws/install/lomas_ros_pkg/lib/python3.10/site-packages/lomas_ros_pkg/machine_node_2.py to machine_node_2.cpython-310.pyc
[4.409s] byte-compiling /home/pi/test_ws/install/lomas_ros_pkg/lib/python3.10/site-packages/lomas_ros_pkg/seq_generation_node.py to seq_generation_node.cpython-310.pyc
[4.411s] byte-compiling /home/pi/test_ws/install/lomas_ros_pkg/lib/python3.10/site-packages/lomas_ros_pkg/gcodesender_test.py to gcodesender_test.cpython-310.pyc
[4.413s] running install_data
[4.413s] creating /home/pi/test_ws/install/lomas_ros_pkg/share
[4.414s] creating /home/pi/test_ws/install/lomas_ros_pkg/share/ament_index
[4.415s] creating /home/pi/test_ws/install/lomas_ros_pkg/share/ament_index/resource_index
[4.415s] creating /home/pi/test_ws/install/lomas_ros_pkg/share/ament_index/resource_index/packages
[4.415s] copying resource/lomas_ros_pkg -> /home/pi/test_ws/install/lomas_ros_pkg/share/ament_index/resource_index/packages
[4.416s] creating /home/pi/test_ws/install/lomas_ros_pkg/share/lomas_ros_pkg
[4.416s] copying package.xml -> /home/pi/test_ws/install/lomas_ros_pkg/share/lomas_ros_pkg
[4.417s] creating /home/pi/test_ws/install/lomas_ros_pkg/share/lomas_ros_pkg/launch
[4.417s] copying launch/complete.launch.xml -> /home/pi/test_ws/install/lomas_ros_pkg/share/lomas_ros_pkg/launch
[4.418s] running install_egg_info
[4.424s] Copying ../../build/lomas_ros_pkg/lomas_ros_pkg.egg-info to /home/pi/test_ws/install/lomas_ros_pkg/lib/python3.10/site-packages/lomas_ros_pkg-0.0.1-py3.10.egg-info
[4.429s] running install_scripts
[4.511s] Installing machine_node_2 script to /home/pi/test_ws/install/lomas_ros_pkg/lib/lomas_ros_pkg
[4.512s] Installing watering_node_2 script to /home/pi/test_ws/install/lomas_ros_pkg/lib/lomas_ros_pkg
[4.514s] writing list of installed files to '/home/pi/test_ws/build/lomas_ros_pkg/install.log'
[4.638s] Invoked command in '/home/pi/test_ws/src/lomas_ros_pkg' returned '0': PYTHONPATH=/home/pi/test_ws/build/lomas_ros_pkg/prefix_override:/home/pi/test_ws/install/lomas_ros_pkg/lib/python3.10/site-packages:${PYTHONPATH} /usr/bin/python3 -W ignore:setup.py install is deprecated setup.py egg_info --egg-base ../../build/lomas_ros_pkg build --build-base /home/pi/test_ws/build/lomas_ros_pkg/build install --record /home/pi/test_ws/build/lomas_ros_pkg/install.log --single-version-externally-managed install_data
