running egg_info
writing ../../build/lomas_ros_pkg/lomas_ros_pkg.egg-info/PKG-INFO
writing dependency_links to ../../build/lomas_ros_pkg/lomas_ros_pkg.egg-info/dependency_links.txt
writing entry points to ../../build/lomas_ros_pkg/lomas_ros_pkg.egg-info/entry_points.txt
writing requirements to ../../build/lomas_ros_pkg/lomas_ros_pkg.egg-info/requires.txt
writing top-level names to ../../build/lomas_ros_pkg/lomas_ros_pkg.egg-info/top_level.txt
reading manifest file '../../build/lomas_ros_pkg/lomas_ros_pkg.egg-info/SOURCES.txt'
writing manifest file '../../build/lomas_ros_pkg/lomas_ros_pkg.egg-info/SOURCES.txt'
running build
running build_py
running install
running install_lib
running install_data
copying package.xml -> /home/pi/test_ws/install/lomas_ros_pkg/share/lomas_ros_pkg
running install_egg_info
removing '/home/pi/test_ws/install/lomas_ros_pkg/lib/python3.10/site-packages/lomas_ros_pkg-0.0.1-py3.10.egg-info' (and everything under it)
Copying ../../build/lomas_ros_pkg/lomas_ros_pkg.egg-info to /home/pi/test_ws/install/lomas_ros_pkg/lib/python3.10/site-packages/lomas_ros_pkg-0.0.1-py3.10.egg-info
running install_scripts
Installing machine_node_2 script to /home/pi/test_ws/install/lomas_ros_pkg/lib/lomas_ros_pkg
Installing watering_node_2 script to /home/pi/test_ws/install/lomas_ros_pkg/lib/lomas_ros_pkg
writing list of installed files to '/home/pi/test_ws/build/lomas_ros_pkg/install.log'
