[0.455s] DEBUG:colcon:Command line arguments: ['/usr/bin/colcon', 'build']
[0.456s] DEBUG:colcon:Parsed command line arguments: Namespace(log_base=None, log_level=None, verb_name='build', build_base='build', install_base='install', merge_install=False, symlink_install=False, test_result_base=None, continue_on_error=False, executor='parallel', parallel_workers=4, event_handlers=None, ignore_user_meta=False, metas=['./colcon.meta'], base_paths=['.'], packages_ignore=None, packages_ignore_regex=None, paths=None, packages_up_to=None, packages_up_to_regex=None, packages_above=None, packages_above_and_dependencies=None, packages_above_depth=None, packages_select_by_dep=None, packages_skip_by_dep=None, packages_skip_up_to=None, packages_select_build_failed=False, packages_skip_build_finished=False, packages_select_test_failures=False, packages_skip_test_passed=False, packages_select=None, packages_skip=None, packages_select_regex=None, packages_skip_regex=None, packages_start=None, packages_end=None, allow_overriding=[], cmake_args=None, cmake_target=None, cmake_target_skip_unavailable=False, cmake_clean_cache=False, cmake_clean_first=False, cmake_force_configure=False, ament_cmake_args=None, catkin_cmake_args=None, catkin_skip_building_tests=False, mixin_files=None, mixin=None, verb_parser=<colcon_mixin.mixin.mixin_argument.MixinArgumentDecorator object at 0xffff804fea10>, verb_extension=<colcon_core.verb.build.BuildVerb object at 0xffff80607af0>, main=<bound method BuildVerb.main of <colcon_core.verb.build.BuildVerb object at 0xffff80607af0>>, mixin_verb=('build',))
[1.262s] Level 1:colcon.colcon_core.package_discovery:discover_packages(colcon_meta) check parameters
[1.262s] Level 1:colcon.colcon_core.package_discovery:discover_packages(recursive) check parameters
[1.266s] Level 1:colcon.colcon_core.package_discovery:discover_packages(ignore) check parameters
[1.266s] Level 1:colcon.colcon_core.package_discovery:discover_packages(path) check parameters
[1.266s] Level 1:colcon.colcon_core.package_discovery:discover_packages(colcon_meta) discover
[1.266s] Level 1:colcon.colcon_core.package_discovery:discover_packages(recursive) discover
[1.267s] INFO:colcon.colcon_core.package_discovery:Crawling recursively for packages in '/home/pi/test_ws'
[1.267s] Level 1:colcon.colcon_core.package_identification:_identify(.) by extensions ['ignore', 'ignore_ament_install']
[1.267s] Level 1:colcon.colcon_core.package_identification:_identify(.) by extension 'ignore'
[1.268s] Level 1:colcon.colcon_core.package_identification:_identify(.) by extension 'ignore_ament_install'
[1.268s] Level 1:colcon.colcon_core.package_identification:_identify(.) by extensions ['colcon_pkg']
[1.268s] Level 1:colcon.colcon_core.package_identification:_identify(.) by extension 'colcon_pkg'
[1.268s] Level 1:colcon.colcon_core.package_identification:_identify(.) by extensions ['colcon_meta']
[1.268s] Level 1:colcon.colcon_core.package_identification:_identify(.) by extension 'colcon_meta'
[1.268s] Level 1:colcon.colcon_core.package_identification:_identify(.) by extensions ['ros']
[1.269s] Level 1:colcon.colcon_core.package_identification:_identify(.) by extension 'ros'
[1.316s] Level 1:colcon.colcon_core.package_identification:_identify(.) by extensions ['cmake', 'python']
[1.316s] Level 1:colcon.colcon_core.package_identification:_identify(.) by extension 'cmake'
[1.316s] Level 1:colcon.colcon_core.package_identification:_identify(.) by extension 'python'
[1.316s] Level 1:colcon.colcon_core.package_identification:_identify(.) by extensions ['python_setup_py']
[1.316s] Level 1:colcon.colcon_core.package_identification:_identify(.) by extension 'python_setup_py'
[1.317s] Level 1:colcon.colcon_core.package_identification:_identify(build) by extensions ['ignore', 'ignore_ament_install']
[1.317s] Level 1:colcon.colcon_core.package_identification:_identify(build) by extension 'ignore'
[1.317s] Level 1:colcon.colcon_core.package_identification:_identify(build) ignored
[1.318s] Level 1:colcon.colcon_core.package_identification:_identify(install) by extensions ['ignore', 'ignore_ament_install']
[1.318s] Level 1:colcon.colcon_core.package_identification:_identify(install) by extension 'ignore'
[1.319s] Level 1:colcon.colcon_core.package_identification:_identify(install) ignored
[1.319s] Level 1:colcon.colcon_core.package_identification:_identify(log) by extensions ['ignore', 'ignore_ament_install']
[1.319s] Level 1:colcon.colcon_core.package_identification:_identify(log) by extension 'ignore'
[1.319s] Level 1:colcon.colcon_core.package_identification:_identify(log) ignored
[1.320s] Level 1:colcon.colcon_core.package_identification:_identify(src) by extensions ['ignore', 'ignore_ament_install']
[1.320s] Level 1:colcon.colcon_core.package_identification:_identify(src) by extension 'ignore'
[1.320s] Level 1:colcon.colcon_core.package_identification:_identify(src) by extension 'ignore_ament_install'
[1.320s] Level 1:colcon.colcon_core.package_identification:_identify(src) by extensions ['colcon_pkg']
[1.321s] Level 1:colcon.colcon_core.package_identification:_identify(src) by extension 'colcon_pkg'
[1.321s] Level 1:colcon.colcon_core.package_identification:_identify(src) by extensions ['colcon_meta']
[1.321s] Level 1:colcon.colcon_core.package_identification:_identify(src) by extension 'colcon_meta'
[1.321s] Level 1:colcon.colcon_core.package_identification:_identify(src) by extensions ['ros']
[1.321s] Level 1:colcon.colcon_core.package_identification:_identify(src) by extension 'ros'
[1.321s] Level 1:colcon.colcon_core.package_identification:_identify(src) by extensions ['cmake', 'python']
[1.321s] Level 1:colcon.colcon_core.package_identification:_identify(src) by extension 'cmake'
[1.322s] Level 1:colcon.colcon_core.package_identification:_identify(src) by extension 'python'
[1.322s] Level 1:colcon.colcon_core.package_identification:_identify(src) by extensions ['python_setup_py']
[1.322s] Level 1:colcon.colcon_core.package_identification:_identify(src) by extension 'python_setup_py'
[1.322s] Level 1:colcon.colcon_core.package_identification:_identify(src/lomas_ros_pkg) by extensions ['ignore', 'ignore_ament_install']
[1.323s] Level 1:colcon.colcon_core.package_identification:_identify(src/lomas_ros_pkg) by extension 'ignore'
[1.323s] Level 1:colcon.colcon_core.package_identification:_identify(src/lomas_ros_pkg) by extension 'ignore_ament_install'
[1.323s] Level 1:colcon.colcon_core.package_identification:_identify(src/lomas_ros_pkg) by extensions ['colcon_pkg']
[1.323s] Level 1:colcon.colcon_core.package_identification:_identify(src/lomas_ros_pkg) by extension 'colcon_pkg'
[1.323s] Level 1:colcon.colcon_core.package_identification:_identify(src/lomas_ros_pkg) by extensions ['colcon_meta']
[1.324s] Level 1:colcon.colcon_core.package_identification:_identify(src/lomas_ros_pkg) by extension 'colcon_meta'
[1.324s] Level 1:colcon.colcon_core.package_identification:_identify(src/lomas_ros_pkg) by extensions ['ros']
[1.324s] Level 1:colcon.colcon_core.package_identification:_identify(src/lomas_ros_pkg) by extension 'ros'
[1.332s] DEBUG:colcon.colcon_core.package_identification:Package 'src/lomas_ros_pkg' with type 'ros.ament_python' and name 'lomas_ros_pkg'
[1.333s] Level 1:colcon.colcon_core.package_identification:_identify(src/msgfolder) by extensions ['ignore', 'ignore_ament_install']
[1.334s] Level 1:colcon.colcon_core.package_identification:_identify(src/msgfolder) by extension 'ignore'
[1.334s] Level 1:colcon.colcon_core.package_identification:_identify(src/msgfolder) by extension 'ignore_ament_install'
[1.334s] Level 1:colcon.colcon_core.package_identification:_identify(src/msgfolder) by extensions ['colcon_pkg']
[1.334s] Level 1:colcon.colcon_core.package_identification:_identify(src/msgfolder) by extension 'colcon_pkg'
[1.335s] Level 1:colcon.colcon_core.package_identification:_identify(src/msgfolder) by extensions ['colcon_meta']
[1.335s] Level 1:colcon.colcon_core.package_identification:_identify(src/msgfolder) by extension 'colcon_meta'
[1.335s] Level 1:colcon.colcon_core.package_identification:_identify(src/msgfolder) by extensions ['ros']
[1.335s] Level 1:colcon.colcon_core.package_identification:_identify(src/msgfolder) by extension 'ros'
[1.337s] DEBUG:colcon.colcon_core.package_identification:Package 'src/msgfolder' with type 'ros.ament_cmake' and name 'msgfolder'
[1.338s] Level 1:colcon.colcon_core.package_discovery:discover_packages(recursive) using defaults
[1.338s] Level 1:colcon.colcon_core.package_discovery:discover_packages(ignore) discover
[1.338s] Level 1:colcon.colcon_core.package_discovery:discover_packages(ignore) using defaults
[1.338s] Level 1:colcon.colcon_core.package_discovery:discover_packages(path) discover
[1.338s] Level 1:colcon.colcon_core.package_discovery:discover_packages(path) using defaults
[1.455s] Level 1:colcon.colcon_core.package_discovery:discover_packages(prefix_path) check parameters
[1.455s] Level 1:colcon.colcon_core.package_discovery:discover_packages(prefix_path) discover
[1.462s] DEBUG:colcon.colcon_installed_package_information.package_discovery:Found 2 installed packages in /home/pi/test_ws/install
[1.471s] DEBUG:colcon.colcon_installed_package_information.package_discovery:Found 270 installed packages in /opt/ros/humble
[1.477s] Level 1:colcon.colcon_core.package_discovery:discover_packages(prefix_path) using defaults
[1.635s] Level 5:colcon.colcon_core.verb:set package 'msgfolder' build argument 'cmake_args' from command line to 'None'
[1.636s] Level 5:colcon.colcon_core.verb:set package 'msgfolder' build argument 'cmake_target' from command line to 'None'
[1.636s] Level 5:colcon.colcon_core.verb:set package 'msgfolder' build argument 'cmake_target_skip_unavailable' from command line to 'False'
[1.636s] Level 5:colcon.colcon_core.verb:set package 'msgfolder' build argument 'cmake_clean_cache' from command line to 'False'
[1.636s] Level 5:colcon.colcon_core.verb:set package 'msgfolder' build argument 'cmake_clean_first' from command line to 'False'
[1.636s] Level 5:colcon.colcon_core.verb:set package 'msgfolder' build argument 'cmake_force_configure' from command line to 'False'
[1.636s] Level 5:colcon.colcon_core.verb:set package 'msgfolder' build argument 'ament_cmake_args' from command line to 'None'
[1.636s] Level 5:colcon.colcon_core.verb:set package 'msgfolder' build argument 'catkin_cmake_args' from command line to 'None'
[1.636s] Level 5:colcon.colcon_core.verb:set package 'msgfolder' build argument 'catkin_skip_building_tests' from command line to 'False'
[1.637s] DEBUG:colcon.colcon_core.verb:Building package 'msgfolder' with the following arguments: {'ament_cmake_args': None, 'build_base': '/home/pi/test_ws/build/msgfolder', 'catkin_cmake_args': None, 'catkin_skip_building_tests': False, 'cmake_args': None, 'cmake_clean_cache': False, 'cmake_clean_first': False, 'cmake_force_configure': False, 'cmake_target': None, 'cmake_target_skip_unavailable': False, 'install_base': '/home/pi/test_ws/install/msgfolder', 'merge_install': False, 'path': '/home/pi/test_ws/src/msgfolder', 'symlink_install': False, 'test_result_base': None}
[1.638s] Level 5:colcon.colcon_core.verb:set package 'lomas_ros_pkg' build argument 'cmake_args' from command line to 'None'
[1.638s] Level 5:colcon.colcon_core.verb:set package 'lomas_ros_pkg' build argument 'cmake_target' from command line to 'None'
[1.638s] Level 5:colcon.colcon_core.verb:set package 'lomas_ros_pkg' build argument 'cmake_target_skip_unavailable' from command line to 'False'
[1.638s] Level 5:colcon.colcon_core.verb:set package 'lomas_ros_pkg' build argument 'cmake_clean_cache' from command line to 'False'
[1.639s] Level 5:colcon.colcon_core.verb:set package 'lomas_ros_pkg' build argument 'cmake_clean_first' from command line to 'False'
[1.639s] Level 5:colcon.colcon_core.verb:set package 'lomas_ros_pkg' build argument 'cmake_force_configure' from command line to 'False'
[1.639s] Level 5:colcon.colcon_core.verb:set package 'lomas_ros_pkg' build argument 'ament_cmake_args' from command line to 'None'
[1.639s] Level 5:colcon.colcon_core.verb:set package 'lomas_ros_pkg' build argument 'catkin_cmake_args' from command line to 'None'
[1.639s] Level 5:colcon.colcon_core.verb:set package 'lomas_ros_pkg' build argument 'catkin_skip_building_tests' from command line to 'False'
[1.639s] DEBUG:colcon.colcon_core.verb:Building package 'lomas_ros_pkg' with the following arguments: {'ament_cmake_args': None, 'build_base': '/home/pi/test_ws/build/lomas_ros_pkg', 'catkin_cmake_args': None, 'catkin_skip_building_tests': False, 'cmake_args': None, 'cmake_clean_cache': False, 'cmake_clean_first': False, 'cmake_force_configure': False, 'cmake_target': None, 'cmake_target_skip_unavailable': False, 'install_base': '/home/pi/test_ws/install/lomas_ros_pkg', 'merge_install': False, 'path': '/home/pi/test_ws/src/lomas_ros_pkg', 'symlink_install': False, 'test_result_base': None}
[1.640s] INFO:colcon.colcon_core.executor:Executing jobs using 'parallel' executor
[1.643s] DEBUG:colcon.colcon_parallel_executor.executor.parallel:run_until_complete
[1.643s] INFO:colcon.colcon_ros.task.ament_cmake.build:Building ROS package in '/home/pi/test_ws/src/msgfolder' with build type 'ament_cmake'
[1.644s] INFO:colcon.colcon_cmake.task.cmake.build:Building CMake package in '/home/pi/test_ws/src/msgfolder'
[1.653s] INFO:colcon.colcon_core.plugin_system:Skipping extension 'colcon_core.shell.bat': Not used on non-Windows systems
[1.654s] INFO:colcon.colcon_core.shell:Skip shell extension 'powershell' for command environment: Not usable outside of PowerShell
[1.654s] DEBUG:colcon.colcon_core.shell:Skip shell extension 'dsv' for command environment
[1.691s] DEBUG:colcon.colcon_core.event_handler.log_command:Invoking command in '/home/pi/test_ws/build/msgfolder': CMAKE_PREFIX_PATH=${CMAKE_PREFIX_PATH}:/opt/ros/humble /usr/bin/cmake --build /home/pi/test_ws/build/msgfolder -- -j4 -l4
[3.452s] DEBUG:colcon.colcon_core.event_handler.log_command:Invoked command in '/home/pi/test_ws/build/msgfolder' returned '0': CMAKE_PREFIX_PATH=${CMAKE_PREFIX_PATH}:/opt/ros/humble /usr/bin/cmake --build /home/pi/test_ws/build/msgfolder -- -j4 -l4
[4.294s] DEBUG:colcon.colcon_core.event_handler.log_command:Invoking command in '/home/pi/test_ws/build/msgfolder': CMAKE_PREFIX_PATH=${CMAKE_PREFIX_PATH}:/opt/ros/humble /usr/bin/cmake --install /home/pi/test_ws/build/msgfolder
[4.571s] Level 1:colcon.colcon_core.environment:create_environment_scripts_only(msgfolder)
[4.572s] DEBUG:colcon.colcon_core.event_handler.log_command:Invoked command in '/home/pi/test_ws/build/msgfolder' returned '0': CMAKE_PREFIX_PATH=${CMAKE_PREFIX_PATH}:/opt/ros/humble /usr/bin/cmake --install /home/pi/test_ws/build/msgfolder
[4.583s] Level 1:colcon.colcon_core.environment:checking '/home/pi/test_ws/install/msgfolder' for CMake module files
[4.588s] Level 1:colcon.colcon_core.environment:checking '/home/pi/test_ws/install/msgfolder' for CMake config files
[4.594s] Level 1:colcon.colcon_core.shell:create_environment_hook('msgfolder', 'cmake_prefix_path')
[4.595s] INFO:colcon.colcon_core.shell:Creating environment hook '/home/pi/test_ws/install/msgfolder/share/msgfolder/hook/cmake_prefix_path.ps1'
[4.597s] INFO:colcon.colcon_core.shell:Creating environment descriptor '/home/pi/test_ws/install/msgfolder/share/msgfolder/hook/cmake_prefix_path.dsv'
[4.599s] INFO:colcon.colcon_core.shell:Creating environment hook '/home/pi/test_ws/install/msgfolder/share/msgfolder/hook/cmake_prefix_path.sh'
[4.603s] Level 1:colcon.colcon_core.environment:checking '/home/pi/test_ws/install/msgfolder/lib'
[4.604s] Level 1:colcon.colcon_core.shell:create_environment_hook('msgfolder', 'ld_library_path_lib')
[4.605s] INFO:colcon.colcon_core.shell:Creating environment hook '/home/pi/test_ws/install/msgfolder/share/msgfolder/hook/ld_library_path_lib.ps1'
[4.606s] INFO:colcon.colcon_core.shell:Creating environment descriptor '/home/pi/test_ws/install/msgfolder/share/msgfolder/hook/ld_library_path_lib.dsv'
[4.608s] INFO:colcon.colcon_core.shell:Creating environment hook '/home/pi/test_ws/install/msgfolder/share/msgfolder/hook/ld_library_path_lib.sh'
[4.610s] Level 1:colcon.colcon_core.environment:checking '/home/pi/test_ws/install/msgfolder/bin'
[4.610s] Level 1:colcon.colcon_core.environment:checking '/home/pi/test_ws/install/msgfolder/lib/pkgconfig/msgfolder.pc'
[4.611s] Level 1:colcon.colcon_core.environment:checking '/home/pi/test_ws/install/msgfolder/lib/python3.10/site-packages'
[4.612s] Level 1:colcon.colcon_core.environment:checking '/home/pi/test_ws/install/msgfolder/bin'
[4.613s] INFO:colcon.colcon_core.shell:Creating package script '/home/pi/test_ws/install/msgfolder/share/msgfolder/package.ps1'
[4.617s] INFO:colcon.colcon_core.shell:Creating package descriptor '/home/pi/test_ws/install/msgfolder/share/msgfolder/package.dsv'
[4.619s] INFO:colcon.colcon_core.shell:Creating package script '/home/pi/test_ws/install/msgfolder/share/msgfolder/package.sh'
[4.623s] INFO:colcon.colcon_core.shell:Creating package script '/home/pi/test_ws/install/msgfolder/share/msgfolder/package.bash'
[4.626s] INFO:colcon.colcon_core.shell:Creating package script '/home/pi/test_ws/install/msgfolder/share/msgfolder/package.zsh'
[4.629s] Level 1:colcon.colcon_core.environment:create_file_with_runtime_dependencies(/home/pi/test_ws/install/msgfolder/share/colcon-core/packages/msgfolder)
[5.416s] Level 1:colcon.colcon_core.environment:create_environment_scripts_only(msgfolder)
[5.417s] Level 1:colcon.colcon_core.environment:checking '/home/pi/test_ws/install/msgfolder' for CMake module files
[5.423s] Level 1:colcon.colcon_core.environment:checking '/home/pi/test_ws/install/msgfolder' for CMake config files
[5.429s] Level 1:colcon.colcon_core.shell:create_environment_hook('msgfolder', 'cmake_prefix_path')
[5.430s] INFO:colcon.colcon_core.shell:Creating environment hook '/home/pi/test_ws/install/msgfolder/share/msgfolder/hook/cmake_prefix_path.ps1'
[5.433s] INFO:colcon.colcon_core.shell:Creating environment descriptor '/home/pi/test_ws/install/msgfolder/share/msgfolder/hook/cmake_prefix_path.dsv'
[5.434s] INFO:colcon.colcon_core.shell:Creating environment hook '/home/pi/test_ws/install/msgfolder/share/msgfolder/hook/cmake_prefix_path.sh'
[5.437s] Level 1:colcon.colcon_core.environment:checking '/home/pi/test_ws/install/msgfolder/lib'
[5.437s] Level 1:colcon.colcon_core.shell:create_environment_hook('msgfolder', 'ld_library_path_lib')
[5.438s] INFO:colcon.colcon_core.shell:Creating environment hook '/home/pi/test_ws/install/msgfolder/share/msgfolder/hook/ld_library_path_lib.ps1'
[5.440s] INFO:colcon.colcon_core.shell:Creating environment descriptor '/home/pi/test_ws/install/msgfolder/share/msgfolder/hook/ld_library_path_lib.dsv'
[5.442s] INFO:colcon.colcon_core.shell:Creating environment hook '/home/pi/test_ws/install/msgfolder/share/msgfolder/hook/ld_library_path_lib.sh'
[5.443s] Level 1:colcon.colcon_core.environment:checking '/home/pi/test_ws/install/msgfolder/bin'
[5.444s] Level 1:colcon.colcon_core.environment:checking '/home/pi/test_ws/install/msgfolder/lib/pkgconfig/msgfolder.pc'
[5.445s] Level 1:colcon.colcon_core.environment:checking '/home/pi/test_ws/install/msgfolder/lib/python3.10/site-packages'
[5.445s] Level 1:colcon.colcon_core.environment:checking '/home/pi/test_ws/install/msgfolder/bin'
[5.447s] INFO:colcon.colcon_core.shell:Creating package script '/home/pi/test_ws/install/msgfolder/share/msgfolder/package.ps1'
[5.449s] INFO:colcon.colcon_core.shell:Creating package descriptor '/home/pi/test_ws/install/msgfolder/share/msgfolder/package.dsv'
[5.451s] INFO:colcon.colcon_core.shell:Creating package script '/home/pi/test_ws/install/msgfolder/share/msgfolder/package.sh'
[5.454s] INFO:colcon.colcon_core.shell:Creating package script '/home/pi/test_ws/install/msgfolder/share/msgfolder/package.bash'
[5.456s] INFO:colcon.colcon_core.shell:Creating package script '/home/pi/test_ws/install/msgfolder/share/msgfolder/package.zsh'
[5.457s] Level 1:colcon.colcon_core.environment:create_file_with_runtime_dependencies(/home/pi/test_ws/install/msgfolder/share/colcon-core/packages/msgfolder)
[5.459s] INFO:colcon.colcon_ros.task.ament_python.build:Building ROS package in '/home/pi/test_ws/src/lomas_ros_pkg' with build type 'ament_python'
[5.460s] Level 1:colcon.colcon_core.shell:create_environment_hook('lomas_ros_pkg', 'ament_prefix_path')
[5.461s] INFO:colcon.colcon_core.shell:Creating environment hook '/home/pi/test_ws/install/lomas_ros_pkg/share/lomas_ros_pkg/hook/ament_prefix_path.ps1'
[5.463s] INFO:colcon.colcon_core.shell:Creating environment descriptor '/home/pi/test_ws/install/lomas_ros_pkg/share/lomas_ros_pkg/hook/ament_prefix_path.dsv'
[5.466s] INFO:colcon.colcon_core.shell:Creating environment hook '/home/pi/test_ws/install/lomas_ros_pkg/share/lomas_ros_pkg/hook/ament_prefix_path.sh'
[5.468s] INFO:colcon.colcon_core.shell:Skip shell extension 'powershell' for command environment: Not usable outside of PowerShell
[5.468s] DEBUG:colcon.colcon_core.shell:Skip shell extension 'dsv' for command environment
[6.689s] INFO:colcon.colcon_core.task.python.build:Building Python package in '/home/pi/test_ws/src/lomas_ros_pkg'
[6.690s] INFO:colcon.colcon_core.shell:Skip shell extension 'powershell' for command environment: Not usable outside of PowerShell
[6.691s] DEBUG:colcon.colcon_core.shell:Skip shell extension 'dsv' for command environment
[8.316s] DEBUG:colcon.colcon_core.event_handler.log_command:Invoking command in '/home/pi/test_ws/src/lomas_ros_pkg': PYTHONPATH=/home/pi/test_ws/build/lomas_ros_pkg/prefix_override:/home/pi/test_ws/install/lomas_ros_pkg/lib/python3.10/site-packages:${PYTHONPATH} /usr/bin/python3 -W ignore:setup.py install is deprecated setup.py egg_info --egg-base ../../build/lomas_ros_pkg build --build-base /home/pi/test_ws/build/lomas_ros_pkg/build install --record /home/pi/test_ws/build/lomas_ros_pkg/install.log --single-version-externally-managed install_data
[9.638s] Level 1:colcon.colcon_core.environment:checking '/home/pi/test_ws/install/lomas_ros_pkg' for CMake module files
[9.640s] DEBUG:colcon.colcon_core.event_handler.log_command:Invoked command in '/home/pi/test_ws/src/lomas_ros_pkg' returned '0': PYTHONPATH=/home/pi/test_ws/build/lomas_ros_pkg/prefix_override:/home/pi/test_ws/install/lomas_ros_pkg/lib/python3.10/site-packages:${PYTHONPATH} /usr/bin/python3 -W ignore:setup.py install is deprecated setup.py egg_info --egg-base ../../build/lomas_ros_pkg build --build-base /home/pi/test_ws/build/lomas_ros_pkg/build install --record /home/pi/test_ws/build/lomas_ros_pkg/install.log --single-version-externally-managed install_data
[9.642s] Level 1:colcon.colcon_core.environment:checking '/home/pi/test_ws/install/lomas_ros_pkg' for CMake config files
[9.645s] Level 1:colcon.colcon_core.environment:checking '/home/pi/test_ws/install/lomas_ros_pkg/lib'
[9.645s] Level 1:colcon.colcon_core.environment:checking '/home/pi/test_ws/install/lomas_ros_pkg/bin'
[9.646s] Level 1:colcon.colcon_core.environment:checking '/home/pi/test_ws/install/lomas_ros_pkg/lib/pkgconfig/lomas_ros_pkg.pc'
[9.647s] Level 1:colcon.colcon_core.environment:checking '/home/pi/test_ws/install/lomas_ros_pkg/lib/python3.10/site-packages'
[9.647s] Level 1:colcon.colcon_core.shell:create_environment_hook('lomas_ros_pkg', 'pythonpath')
[9.648s] INFO:colcon.colcon_core.shell:Creating environment hook '/home/pi/test_ws/install/lomas_ros_pkg/share/lomas_ros_pkg/hook/pythonpath.ps1'
[9.650s] INFO:colcon.colcon_core.shell:Creating environment descriptor '/home/pi/test_ws/install/lomas_ros_pkg/share/lomas_ros_pkg/hook/pythonpath.dsv'
[9.651s] INFO:colcon.colcon_core.shell:Creating environment hook '/home/pi/test_ws/install/lomas_ros_pkg/share/lomas_ros_pkg/hook/pythonpath.sh'
[9.654s] Level 1:colcon.colcon_core.environment:checking '/home/pi/test_ws/install/lomas_ros_pkg/bin'
[9.654s] Level 1:colcon.colcon_core.environment:create_environment_scripts_only(lomas_ros_pkg)
[9.655s] INFO:colcon.colcon_core.shell:Creating package script '/home/pi/test_ws/install/lomas_ros_pkg/share/lomas_ros_pkg/package.ps1'
[9.657s] INFO:colcon.colcon_core.shell:Creating package descriptor '/home/pi/test_ws/install/lomas_ros_pkg/share/lomas_ros_pkg/package.dsv'
[9.659s] INFO:colcon.colcon_core.shell:Creating package script '/home/pi/test_ws/install/lomas_ros_pkg/share/lomas_ros_pkg/package.sh'
[9.661s] INFO:colcon.colcon_core.shell:Creating package script '/home/pi/test_ws/install/lomas_ros_pkg/share/lomas_ros_pkg/package.bash'
[9.663s] INFO:colcon.colcon_core.shell:Creating package script '/home/pi/test_ws/install/lomas_ros_pkg/share/lomas_ros_pkg/package.zsh'
[9.665s] Level 1:colcon.colcon_core.environment:create_file_with_runtime_dependencies(/home/pi/test_ws/install/lomas_ros_pkg/share/colcon-core/packages/lomas_ros_pkg)
[9.666s] DEBUG:colcon.colcon_parallel_executor.executor.parallel:closing loop
[9.667s] DEBUG:colcon.colcon_parallel_executor.executor.parallel:loop closed
[9.667s] DEBUG:colcon.colcon_parallel_executor.executor.parallel:run_until_complete finished with '0'
[9.667s] DEBUG:colcon.colcon_core.event_reactor:joining thread
[9.691s] INFO:colcon.colcon_core.plugin_system:Skipping extension 'colcon_notification.desktop_notification.notify_send': Could not find 'notify-send'
[9.691s] INFO:colcon.colcon_core.plugin_system:Skipping extension 'colcon_notification.desktop_notification.terminal_notifier': Not used on non-Darwin systems
[9.691s] INFO:colcon.colcon_core.plugin_system:Skipping extension 'colcon_notification.desktop_notification.win32': Not used on non-Windows systems
[9.691s] INFO:colcon.colcon_notification.desktop_notification:Sending desktop notification using 'notify2'
[9.694s] DEBUG:colcon.colcon_notification.desktop_notification.notify2:Failed to initialize notify2: org.freedesktop.DBus.Error.ServiceUnknown: The name org.freedesktop.Notifications was not provided by any .service files
[9.695s] DEBUG:colcon.colcon_core.event_reactor:joined thread
[9.696s] INFO:colcon.colcon_core.shell:Creating prefix script '/home/pi/test_ws/install/local_setup.ps1'
[9.699s] INFO:colcon.colcon_core.shell:Creating prefix util module '/home/pi/test_ws/install/_local_setup_util_ps1.py'
[9.704s] INFO:colcon.colcon_core.shell:Creating prefix chain script '/home/pi/test_ws/install/setup.ps1'
[9.709s] INFO:colcon.colcon_core.shell:Creating prefix script '/home/pi/test_ws/install/local_setup.sh'
[9.711s] INFO:colcon.colcon_core.shell:Creating prefix util module '/home/pi/test_ws/install/_local_setup_util_sh.py'
[9.714s] INFO:colcon.colcon_core.shell:Creating prefix chain script '/home/pi/test_ws/install/setup.sh'
[9.718s] INFO:colcon.colcon_core.shell:Creating prefix script '/home/pi/test_ws/install/local_setup.bash'
[9.720s] INFO:colcon.colcon_core.shell:Creating prefix chain script '/home/pi/test_ws/install/setup.bash'
[9.724s] INFO:colcon.colcon_core.shell:Creating prefix script '/home/pi/test_ws/install/local_setup.zsh'
[9.727s] INFO:colcon.colcon_core.shell:Creating prefix chain script '/home/pi/test_ws/install/setup.zsh'
