/home/pi/test_ws/install/lomas_ros_pkg/lib/python3.10/site-packages/lomas_ros_pkg/watering_node_2.py
/home/pi/test_ws/install/lomas_ros_pkg/lib/python3.10/site-packages/lomas_ros_pkg/__init__.py
/home/pi/test_ws/install/lomas_ros_pkg/lib/python3.10/site-packages/lomas_ros_pkg/machine_node_2.py
/home/pi/test_ws/install/lomas_ros_pkg/lib/python3.10/site-packages/lomas_ros_pkg/seq_generation_node.py
/home/pi/test_ws/install/lomas_ros_pkg/lib/python3.10/site-packages/lomas_ros_pkg/gcodesender_test.py
/home/pi/test_ws/install/lomas_ros_pkg/lib/python3.10/site-packages/lomas_ros_pkg/__pycache__/watering_node_2.cpython-310.pyc
/home/pi/test_ws/install/lomas_ros_pkg/lib/python3.10/site-packages/lomas_ros_pkg/__pycache__/__init__.cpython-310.pyc
/home/pi/test_ws/install/lomas_ros_pkg/lib/python3.10/site-packages/lomas_ros_pkg/__pycache__/machine_node_2.cpython-310.pyc
/home/pi/test_ws/install/lomas_ros_pkg/lib/python3.10/site-packages/lomas_ros_pkg/__pycache__/seq_generation_node.cpython-310.pyc
/home/pi/test_ws/install/lomas_ros_pkg/lib/python3.10/site-packages/lomas_ros_pkg/__pycache__/gcodesender_test.cpython-310.pyc
/home/pi/test_ws/install/lomas_ros_pkg/share/ament_index/resource_index/packages/lomas_ros_pkg
/home/pi/test_ws/install/lomas_ros_pkg/share/lomas_ros_pkg/package.xml
/home/pi/test_ws/install/lomas_ros_pkg/share/lomas_ros_pkg/launch/complete.launch.xml
/home/pi/test_ws/install/lomas_ros_pkg/lib/python3.10/site-packages/lomas_ros_pkg-0.0.1-py3.10.egg-info/requires.txt
/home/pi/test_ws/install/lomas_ros_pkg/lib/python3.10/site-packages/lomas_ros_pkg-0.0.1-py3.10.egg-info/dependency_links.txt
/home/pi/test_ws/install/lomas_ros_pkg/lib/python3.10/site-packages/lomas_ros_pkg-0.0.1-py3.10.egg-info/zip-safe
/home/pi/test_ws/install/lomas_ros_pkg/lib/python3.10/site-packages/lomas_ros_pkg-0.0.1-py3.10.egg-info/top_level.txt
/home/pi/test_ws/install/lomas_ros_pkg/lib/python3.10/site-packages/lomas_ros_pkg-0.0.1-py3.10.egg-info/entry_points.txt
/home/pi/test_ws/install/lomas_ros_pkg/lib/python3.10/site-packages/lomas_ros_pkg-0.0.1-py3.10.egg-info/SOURCES.txt
/home/pi/test_ws/install/lomas_ros_pkg/lib/python3.10/site-packages/lomas_ros_pkg-0.0.1-py3.10.egg-info/PKG-INFO
/home/pi/test_ws/install/lomas_ros_pkg/lib/lomas_ros_pkg/machine_node_2
/home/pi/test_ws/install/lomas_ros_pkg/lib/lomas_ros_pkg/watering_node_2
